Log file open, 03/19/20 19:02:05
LogWindows: Failed to load 'aqProf.dll' (GetLastError=126)
LogWindows: File 'aqProf.dll' does not exist
LogWindows: Failed to load 'VtuneApi.dll' (GetLastError=126)
LogWindows: File 'VtuneApi.dll' does not exist
LogWindows: Failed to load 'VtuneApi32e.dll' (GetLastError=126)
LogWindows: File 'VtuneApi32e.dll' does not exist
LogConsoleResponse: Display: Failed to find resolution value strings in scalability ini. Falling back to default.
LogInit: Display: Running engine for game: BuildingEscape
LogPlatformFile: Not using cached read wrapper
LogTaskGraph: Started task graph with 5 named threads and 23 total threads with 3 sets of task threads.
LogStats: Stats thread started at 0.129163
LogD3D11RHI: Loaded GFSDK_Aftermath_Lib.x64.dll
LogICUInternationalization: ICU TimeZone Detection - Raw Offset: -5:00, Platform Override: ''
LogPluginManager: Mounting plugin Paper2D
LogPluginManager: Mounting plugin AISupport
LogPluginManager: Mounting plugin LightPropagationVolume
LogPluginManager: Mounting plugin ActorLayerUtilities
LogPluginManager: Mounting plugin AnimationSharing
LogPluginManager: Mounting plugin CLionSourceCodeAccess
LogPluginManager: Mounting plugin CodeLiteSourceCodeAccess
LogPluginManager: Mounting plugin GitSourceControl
LogPluginManager: Mounting plugin KDevelopSourceCodeAccess
LogPluginManager: Mounting plugin NullSourceCodeAccess
LogPluginManager: Mounting plugin PerforceSourceControl
LogPluginManager: Mounting plugin PlasticSourceControl
LogPluginManager: Mounting plugin SubversionSourceControl
LogPluginManager: Mounting plugin UObjectPlugin
LogPluginManager: Mounting plugin VisualStudioCodeSourceCodeAccess
LogPluginManager: Mounting plugin VisualStudioSourceCodeAccess
LogPluginManager: Mounting plugin XCodeSourceCodeAccess
LogPluginManager: Mounting plugin AssetManagerEditor
LogPluginManager: Mounting plugin CryptoKeys
LogPluginManager: Mounting plugin CurveEditorTools
LogPluginManager: Mounting plugin DataValidation
LogPluginManager: Mounting plugin FacialAnimation
LogPluginManager: Mounting plugin GameplayTagsEditor
LogPluginManager: Mounting plugin MacGraphicsSwitching
LogPluginManager: Mounting plugin MaterialAnalyzer
LogPluginManager: Mounting plugin MobileLauncherProfileWizard
LogPluginManager: Mounting plugin PluginBrowser
LogPluginManager: Mounting plugin SpeedTreeImporter
LogPluginManager: Mounting plugin DatasmithContent
LogPluginManager: Mounting plugin VariantManagerContent
LogPluginManager: Mounting plugin AlembicImporter
LogPluginManager: Mounting plugin AutomationUtils
LogPluginManager: Mounting plugin BackChannel
LogPluginManager: Mounting plugin CharacterAI
LogPluginManager: Mounting plugin GeometryCache
LogPluginManager: Mounting plugin PlatformCrypto
LogPluginManager: Mounting plugin ProxyLODPlugin
LogPluginManager: Mounting plugin SkeletalReduction
LogPluginManager: Mounting plugin MagicLeap
LogPluginManager: Mounting plugin MagicLeapMedia
LogPluginManager: Mounting plugin MLSDK
LogPluginManager: Mounting plugin AndroidMedia
LogPluginManager: Mounting plugin AvfMedia
LogPluginManager: Mounting plugin ImgMedia
LogPluginManager: Mounting plugin MediaCompositing
LogPluginManager: Mounting plugin MediaPlayerEditor
LogPluginManager: Mounting plugin WebMMedia
LogPluginManager: Mounting plugin WmfMedia
LogPluginManager: Mounting plugin TcpMessaging
LogPluginManager: Mounting plugin UdpMessaging
LogPluginManager: Mounting plugin ActorSequence
LogPluginManager: Mounting plugin LevelSequenceEditor
LogPluginManager: Mounting plugin MatineeToLevelSequence
LogPluginManager: Mounting plugin NetcodeUnitTest
LogPluginManager: Mounting plugin NUTUnrealEngine4
LogPluginManager: Mounting plugin OnlineSubsystemGooglePlay
LogPluginManager: Mounting plugin OnlineSubsystemIOS
LogPluginManager: Mounting plugin OnlineSubsystem
LogPluginManager: Mounting plugin OnlineSubsystemNull
LogPluginManager: Mounting plugin OnlineSubsystemUtils
LogPluginManager: Mounting plugin LauncherChunkInstaller
LogPluginManager: Mounting plugin AndroidDeviceProfileSelector
LogPluginManager: Mounting plugin AndroidMoviePlayer
LogPluginManager: Mounting plugin AndroidPermission
LogPluginManager: Mounting plugin AppleImageUtils
LogPluginManager: Mounting plugin AppleMoviePlayer
LogPluginManager: Mounting plugin ArchVisCharacter
LogPluginManager: Mounting plugin AssetTags
LogPluginManager: Mounting plugin AudioCapture
LogPluginManager: Mounting plugin CableComponent
LogPluginManager: Mounting plugin CustomMeshComponent
LogPluginManager: Mounting plugin EditableMesh
LogPluginManager: Mounting plugin ExampleDeviceProfileSelector
LogPluginManager: Mounting plugin GoogleCloudMessaging
LogPluginManager: Mounting plugin IOSDeviceProfileSelector
LogPluginManager: Mounting plugin LinuxDeviceProfileSelector
LogPluginManager: Mounting plugin LocationServicesBPLibrary
LogPluginManager: Mounting plugin MobilePatchingUtils
LogPluginManager: Mounting plugin OculusVR
LogPluginManager: Mounting plugin PhysXVehicles
LogPluginManager: Mounting plugin PostSplashScreen
LogPluginManager: Mounting plugin ProceduralMeshComponent
LogPluginManager: Mounting plugin RuntimePhysXCooking
LogPluginManager: Mounting plugin SignificanceManager
LogPluginManager: Mounting plugin SteamVR
LogPluginManager: Mounting plugin WebMMoviePlayer
LogPluginManager: Mounting plugin WindowsMoviePlayer
LogPluginManager: Mounting plugin ScreenshotTools
LogInit: Using libcurl 7.55.1-DEV
LogInit:  - built for x86_64-pc-win32
LogInit:  - supports SSL with OpenSSL/1.1.1
LogInit:  - supports HTTP deflate (compression) using libz 1.2.8
LogInit:  - other features:
LogInit:      CURL_VERSION_SSL
LogInit:      CURL_VERSION_LIBZ
LogInit:      CURL_VERSION_IPV6
LogInit:      CURL_VERSION_ASYNCHDNS
LogInit:      CURL_VERSION_LARGEFILE
LogInit:      CURL_VERSION_IDN
LogInit:  CurlRequestOptions (configurable via config and command line):
LogInit:  - bVerifyPeer = true  - Libcurl will verify peer certificate
LogInit:  - bUseHttpProxy = false  - Libcurl will NOT use HTTP proxy
LogInit:  - bDontReuseConnections = false  - Libcurl will reuse connections
LogInit:  - MaxHostConnections = 16  - Libcurl will limit the number of connections to a host
LogInit:  - LocalHostAddr = Default
LogInit:  - BufferSize = 65536
LogOnline: OSS: Creating online subsystem instance for: NULL
LogInit: WinSock: version 1.1 (2.2), MaxSocks=32767, MaxUdp=65467
LogOnline: OSS: TryLoadSubsystemAndSetDefault: Loaded subsystem for module [NULL]
LogHMD: Failed initializing OVRPlugin 1.40.0
LogInit: Build: ++UE4+Release-4.24-CL-11100242
LogInit: Engine Version: 4.24.2-11100242+++UE4+Release-4.24
LogInit: Compatible Engine Version: 4.24.0-10570792+++UE4+Release-4.24
LogInit: Net CL: 10570792
LogInit: OS: Windows 10 (Release 2004) (), CPU: Intel(R) Core(TM) i7-7700HQ CPU @ 2.80GHz, GPU: Intel(R) HD Graphics 630
LogInit: Compiled (64-bit): Jan 24 2020 02:05:53
LogInit: Compiled with Visual C++: 19.16.27032.01
LogInit: Build Configuration: Development
LogInit: Branch Name: ++UE4+Release-4.24
LogInit: Command Line: 
LogInit: Base Directory: D:/UE_4.24/Engine/Binaries/Win64/
LogInit: Installed Engine Build: 1
LogDevObjectVersion: Number of dev versions registered: 25
LogDevObjectVersion:   Dev-Blueprints (B0D832E4-1F89-4F0D-ACCF-7EB736FD4AA2): 10
LogDevObjectVersion:   Dev-Build (E1C64328-A22C-4D53-A36C-8E866417BD8C): 0
LogDevObjectVersion:   Dev-Core (375EC13C-06E4-48FB-B500-84F0262A717E): 3
LogDevObjectVersion:   Dev-Editor (E4B068ED-F494-42E9-A231-DA0B2E46BB41): 37
LogDevObjectVersion:   Dev-Framework (CFFC743F-43B0-4480-9391-14DF171D2073): 36
LogDevObjectVersion:   Dev-Mobile (B02B49B5-BB20-44E9-A304-32B752E40360): 2
LogDevObjectVersion:   Dev-Networking (A4E4105C-59A1-49B5-A7C5-40C4547EDFEE): 0
LogDevObjectVersion:   Dev-Online (39C831C9-5AE6-47DC-9A44-9C173E1C8E7C): 0
LogDevObjectVersion:   Dev-Physics (78F01B33-EBEA-4F98-B9B4-84EACCB95AA2): 2
LogDevObjectVersion:   Dev-Platform (6631380F-2D4D-43E0-8009-CF276956A95A): 0
LogDevObjectVersion:   Dev-Rendering (12F88B9F-8875-4AFC-A67C-D90C383ABD29): 36
LogDevObjectVersion:   Dev-Sequencer (7B5AE74C-D270-4C10-A958-57980B212A5A): 11
LogDevObjectVersion:   Dev-VR (D7296918-1DD6-4BDD-9DE2-64A83CC13884): 2
LogDevObjectVersion:   Dev-LoadTimes (C2A15278-BFE7-4AFE-6C17-90FF531DF755): 1
LogDevObjectVersion:   Private-Geometry (6EACA3D4-40EC-4CC1-B786-8BED09428FC5): 3
LogDevObjectVersion:   Dev-AnimPhys (29E575DD-E0A3-4627-9D10-D276232CDCEA): 17
LogDevObjectVersion:   Dev-Anim (AF43A65D-7FD3-4947-9873-3E8ED9C1BB05): 2
LogDevObjectVersion:   Dev-ReflectionCapture (6B266CEC-1EC7-4B8F-A30B-E4D90942FC07): 1
LogDevObjectVersion:   Dev-Automation (0DF73D61-A23F-47EA-B727-89E90C41499A): 1
LogDevObjectVersion:   FortniteMain (601D1886-AC64-4F84-AA16-D3DE0DEAC7D6): 31
LogDevObjectVersion:   Dev-Enterprise (9DFFBCD6-494F-0158-E221-12823C92A888): 8
LogDevObjectVersion:   Dev-Niagara (F2AED0AC-9AFE-416F-8664-AA7FFA26D6FC): 1
LogDevObjectVersion:   Dev-Destruction (174F1F0B-B4C6-45A5-B13F-2EE8D0FB917D): 9
LogDevObjectVersion:   Dev-Physics-Ext (35F94A83-E258-406C-A318-09F59610247C): 8
LogDevObjectVersion:   Dev-CineCamera (B2E18506-4273-CFC2-A54E-F4BB758BBA07): 1
LogInit: Presizing for max 25165824 objects, including 0 objects not considered by GC, pre-allocating 0 bytes for permanent pool.
LogInit: Object subsystem initialized
LogConfig: Setting CVar [[con.DebugEarlyDefault:1]]
LogConfig: Setting CVar [[r.setres:1280x720]]
[2020.03.19-23.02.06:608][  0]LogConfig: Setting CVar [[r.VSync:0]]
[2020.03.19-23.02.06:608][  0]LogConfig: Setting CVar [[r.RHICmdBypass:0]]
[2020.03.19-23.02.06:608][  0]LogConfig: Applying CVar settings from Section [/Script/Engine.RendererSettings] File [D:/GitHub/Building-Escape/BuildingEscape/Saved/Config/Windows/Engine.ini]
[2020.03.19-23.02.06:608][  0]LogConfig: Setting CVar [[r.GPUCrashDebugging:0]]
[2020.03.19-23.02.06:608][  0]LogConfig: Applying CVar settings from Section [/Script/Engine.RendererOverrideSettings] File [D:/GitHub/Building-Escape/BuildingEscape/Saved/Config/Windows/Engine.ini]
[2020.03.19-23.02.06:608][  0]LogConfig: Applying CVar settings from Section [/Script/Engine.StreamingSettings] File [D:/GitHub/Building-Escape/BuildingEscape/Saved/Config/Windows/Engine.ini]
[2020.03.19-23.02.06:608][  0]LogConfig: Setting CVar [[s.MinBulkDataSizeForAsyncLoading:131072]]
[2020.03.19-23.02.06:608][  0]LogConfig: Setting CVar [[s.AsyncLoadingThreadEnabled:0]]
[2020.03.19-23.02.06:608][  0]LogConfig: Setting CVar [[s.EventDrivenLoaderEnabled:1]]
[2020.03.19-23.02.06:608][  0]LogConfig: Setting CVar [[s.WarnIfTimeLimitExceeded:0]]
[2020.03.19-23.02.06:608][  0]LogConfig: Setting CVar [[s.TimeLimitExceededMultiplier:1.5]]
[2020.03.19-23.02.06:608][  0]LogConfig: Setting CVar [[s.TimeLimitExceededMinTime:0.005]]
[2020.03.19-23.02.06:608][  0]LogConfig: Setting CVar [[s.UseBackgroundLevelStreaming:1]]
[2020.03.19-23.02.06:608][  0]LogConfig: Setting CVar [[s.PriorityAsyncLoadingExtraTime:15.0]]
[2020.03.19-23.02.06:608][  0]LogConfig: Setting CVar [[s.LevelStreamingActorsUpdateTimeLimit:5.0]]
[2020.03.19-23.02.06:608][  0]LogConfig: Setting CVar [[s.PriorityLevelStreamingActorsUpdateExtraTime:5.0]]
[2020.03.19-23.02.06:608][  0]LogConfig: Setting CVar [[s.LevelStreamingComponentsRegistrationGranularity:10]]
[2020.03.19-23.02.06:608][  0]LogConfig: Setting CVar [[s.UnregisterComponentsTimeLimit:1.0]]
[2020.03.19-23.02.06:608][  0]LogConfig: Setting CVar [[s.LevelStreamingComponentsUnregistrationGranularity:5]]
[2020.03.19-23.02.06:608][  0]LogConfig: Setting CVar [[s.FlushStreamingOnExit:1]]
[2020.03.19-23.02.06:608][  0]LogConfig: Applying CVar settings from Section [/Script/Engine.GarbageCollectionSettings] File [D:/GitHub/Building-Escape/BuildingEscape/Saved/Config/Windows/Engine.ini]
[2020.03.19-23.02.06:608][  0]LogConfig: Setting CVar [[gc.MaxObjectsNotConsideredByGC:1]]
[2020.03.19-23.02.06:609][  0]LogConfig: Setting CVar [[gc.SizeOfPermanentObjectPool:0]]
[2020.03.19-23.02.06:609][  0]LogConfig: Setting CVar [[gc.FlushStreamingOnGC:0]]
[2020.03.19-23.02.06:609][  0]LogConfig: Setting CVar [[gc.NumRetriesBeforeForcingGC:10]]
[2020.03.19-23.02.06:609][  0]LogConfig: Setting CVar [[gc.AllowParallelGC:1]]
[2020.03.19-23.02.06:609][  0]LogConfig: Setting CVar [[gc.TimeBetweenPurgingPendingKillObjects:61.1]]
[2020.03.19-23.02.06:609][  0]LogConfig: Setting CVar [[gc.MaxObjectsInEditor:25165824]]
[2020.03.19-23.02.06:609][  0]LogConfig: Setting CVar [[gc.IncrementalBeginDestroyEnabled:1]]
[2020.03.19-23.02.06:609][  0]LogConfig: Setting CVar [[gc.CreateGCClusters:1]]
[2020.03.19-23.02.06:609][  0]LogConfig: Setting CVar [[gc.MinGCClusterSize:5]]
[2020.03.19-23.02.06:609][  0]LogConfig: Setting CVar [[gc.ActorClusteringEnabled:0]]
[2020.03.19-23.02.06:609][  0]LogConfig: Setting CVar [[gc.BlueprintClusteringEnabled:0]]
[2020.03.19-23.02.06:609][  0]LogConfig: Setting CVar [[gc.UseDisregardForGCOnDedicatedServers:0]]
[2020.03.19-23.02.06:609][  0]LogConfig: Applying CVar settings from Section [/Script/Engine.NetworkSettings] File [D:/GitHub/Building-Escape/BuildingEscape/Saved/Config/Windows/Engine.ini]
[2020.03.19-23.02.06:609][  0]LogConfig: Applying CVar settings from Section [/Script/UnrealEd.CookerSettings] File [D:/GitHub/Building-Escape/BuildingEscape/Saved/Config/Windows/Engine.ini]
[2020.03.19-23.02.06:619][  0]LogConfig: Applying CVar settings from Section [ViewDistanceQuality@3] File [D:/GitHub/Building-Escape/BuildingEscape/Saved/Config/Windows/Scalability.ini]
[2020.03.19-23.02.06:619][  0]LogConfig: Setting CVar [[r.SkeletalMeshLODBias:0]]
[2020.03.19-23.02.06:619][  0]LogConfig: Setting CVar [[r.ViewDistanceScale:1.0]]
[2020.03.19-23.02.06:619][  0]LogConfig: Applying CVar settings from Section [AntiAliasingQuality@3] File [D:/GitHub/Building-Escape/BuildingEscape/Saved/Config/Windows/Scalability.ini]
[2020.03.19-23.02.06:619][  0]LogConfig: Setting CVar [[r.PostProcessAAQuality:4]]
[2020.03.19-23.02.06:619][  0]LogConfig: Applying CVar settings from Section [ShadowQuality@3] File [D:/GitHub/Building-Escape/BuildingEscape/Saved/Config/Windows/Scalability.ini]
[2020.03.19-23.02.06:619][  0]LogConfig: Setting CVar [[r.LightFunctionQuality:1]]
[2020.03.19-23.02.06:619][  0]LogConfig: Setting CVar [[r.ShadowQuality:5]]
[2020.03.19-23.02.06:620][  0]LogConfig: Setting CVar [[r.Shadow.CSM.MaxCascades:10]]
[2020.03.19-23.02.06:620][  0]LogConfig: Setting CVar [[r.Shadow.MaxResolution:2048]]
[2020.03.19-23.02.06:620][  0]LogConfig: Setting CVar [[r.Shadow.MaxCSMResolution:2048]]
[2020.03.19-23.02.06:620][  0]LogConfig: Setting CVar [[r.Shadow.RadiusThreshold:0.01]]
[2020.03.19-23.02.06:620][  0]LogConfig: Setting CVar [[r.Shadow.DistanceScale:1.0]]
[2020.03.19-23.02.06:620][  0]LogConfig: Setting CVar [[r.Shadow.CSM.TransitionScale:1.0]]
[2020.03.19-23.02.06:620][  0]LogConfig: Setting CVar [[r.Shadow.PreShadowResolutionFactor:1.0]]
[2020.03.19-23.02.06:620][  0]LogConfig: Setting CVar [[r.DistanceFieldShadowing:1]]
[2020.03.19-23.02.06:620][  0]LogConfig: Setting CVar [[r.DistanceFieldAO:1]]
[2020.03.19-23.02.06:620][  0]LogConfig: Setting CVar [[r.AOQuality:2]]
[2020.03.19-23.02.06:620][  0]LogConfig: Setting CVar [[r.VolumetricFog:1]]
[2020.03.19-23.02.06:620][  0]LogConfig: Setting CVar [[r.VolumetricFog.GridPixelSize:8]]
[2020.03.19-23.02.06:620][  0]LogConfig: Setting CVar [[r.VolumetricFog.GridSizeZ:128]]
[2020.03.19-23.02.06:620][  0]LogConfig: Setting CVar [[r.VolumetricFog.HistoryMissSupersampleCount:4]]
[2020.03.19-23.02.06:620][  0]LogConfig: Setting CVar [[r.LightMaxDrawDistanceScale:1]]
[2020.03.19-23.02.06:620][  0]LogConfig: Setting CVar [[r.CapsuleShadows:1]]
[2020.03.19-23.02.06:620][  0]LogConfig: Applying CVar settings from Section [PostProcessQuality@3] File [D:/GitHub/Building-Escape/BuildingEscape/Saved/Config/Windows/Scalability.ini]
[2020.03.19-23.02.06:620][  0]LogConfig: Setting CVar [[r.MotionBlurQuality:4]]
[2020.03.19-23.02.06:620][  0]LogConfig: Setting CVar [[r.AmbientOcclusionMipLevelFactor:0.4]]
[2020.03.19-23.02.06:620][  0]LogConfig: Setting CVar [[r.AmbientOcclusionMaxQuality:100]]
[2020.03.19-23.02.06:620][  0]LogConfig: Setting CVar [[r.AmbientOcclusionLevels:-1]]
[2020.03.19-23.02.06:620][  0]LogConfig: Setting CVar [[r.AmbientOcclusionRadiusScale:1.0]]
[2020.03.19-23.02.06:620][  0]LogConfig: Setting CVar [[r.DepthOfFieldQuality:2]]
[2020.03.19-23.02.06:620][  0]LogConfig: Setting CVar [[r.RenderTargetPoolMin:400]]
[2020.03.19-23.02.06:620][  0]LogConfig: Setting CVar [[r.LensFlareQuality:2]]
[2020.03.19-23.02.06:620][  0]LogConfig: Setting CVar [[r.SceneColorFringeQuality:1]]
[2020.03.19-23.02.06:620][  0]LogConfig: Setting CVar [[r.EyeAdaptationQuality:2]]
[2020.03.19-23.02.06:620][  0]LogConfig: Setting CVar [[r.BloomQuality:5]]
[2020.03.19-23.02.06:620][  0]LogConfig: Setting CVar [[r.FastBlurThreshold:100]]
[2020.03.19-23.02.06:620][  0]LogConfig: Setting CVar [[r.Upscale.Quality:3]]
[2020.03.19-23.02.06:621][  0]LogConfig: Setting CVar [[r.Tonemapper.GrainQuantization:1]]
[2020.03.19-23.02.06:621][  0]LogConfig: Setting CVar [[r.LightShaftQuality:1]]
[2020.03.19-23.02.06:621][  0]LogConfig: Setting CVar [[r.Filter.SizeScale:1]]
[2020.03.19-23.02.06:621][  0]LogConfig: Setting CVar [[r.Tonemapper.Quality:5]]
[2020.03.19-23.02.06:621][  0]LogConfig: Setting CVar [[r.DOF.Gather.AccumulatorQuality:1        ; higher gathering accumulator quality]]
[2020.03.19-23.02.06:621][  0]LogConfig: Setting CVar [[r.DOF.Gather.PostfilterMethod:1          ; Median3x3 postfilering method]]
[2020.03.19-23.02.06:621][  0]LogConfig: Setting CVar [[r.DOF.Gather.EnableBokehSettings:0       ; no bokeh simulation when gathering]]
[2020.03.19-23.02.06:621][  0]LogConfig: Setting CVar [[r.DOF.Gather.RingCount:4                 ; medium number of samples when gathering]]
[2020.03.19-23.02.06:621][  0]LogConfig: Setting CVar [[r.DOF.Scatter.ForegroundCompositing:1    ; additive foreground scattering]]
[2020.03.19-23.02.06:621][  0]LogConfig: Setting CVar [[r.DOF.Scatter.BackgroundCompositing:2    ; additive background scattering]]
[2020.03.19-23.02.06:621][  0]LogConfig: Setting CVar [[r.DOF.Scatter.EnableBokehSettings:1      ; bokeh simulation when scattering]]
[2020.03.19-23.02.06:621][  0]LogConfig: Setting CVar [[r.DOF.Scatter.MaxSpriteRatio:0.1         ; only a maximum of 10% of scattered bokeh]]
[2020.03.19-23.02.06:621][  0]LogConfig: Setting CVar [[r.DOF.Recombine.Quality:1                ; cheap slight out of focus]]
[2020.03.19-23.02.06:621][  0]LogConfig: Setting CVar [[r.DOF.Recombine.EnableBokehSettings:0    ; no bokeh simulation on slight out of focus]]
[2020.03.19-23.02.06:621][  0]LogConfig: Setting CVar [[r.DOF.TemporalAAQuality:1                ; more stable temporal accumulation]]
[2020.03.19-23.02.06:621][  0]LogConfig: Setting CVar [[r.DOF.Kernel.MaxForegroundRadius:0.025]]
[2020.03.19-23.02.06:621][  0]LogConfig: Setting CVar [[r.DOF.Kernel.MaxBackgroundRadius:0.025]]
[2020.03.19-23.02.06:621][  0]LogConfig: Applying CVar settings from Section [TextureQuality@3] File [D:/GitHub/Building-Escape/BuildingEscape/Saved/Config/Windows/Scalability.ini]
[2020.03.19-23.02.06:621][  0]LogConfig: Setting CVar [[r.Streaming.MipBias:0]]
[2020.03.19-23.02.06:621][  0]LogConfig: Setting CVar [[r.Streaming.AmortizeCPUToGPUCopy:0]]
[2020.03.19-23.02.06:621][  0]LogConfig: Setting CVar [[r.Streaming.MaxNumTexturesToStreamPerFrame:0]]
[2020.03.19-23.02.06:621][  0]LogConfig: Setting CVar [[r.Streaming.Boost:1]]
[2020.03.19-23.02.06:621][  0]LogConfig: Setting CVar [[r.MaxAnisotropy:8]]
[2020.03.19-23.02.06:621][  0]LogConfig: Setting CVar [[r.VT.MaxAnisotropy:8]]
[2020.03.19-23.02.06:621][  0]LogConfig: Setting CVar [[r.Streaming.LimitPoolSizeToVRAM:0]]
[2020.03.19-23.02.06:621][  0]LogConfig: Setting CVar [[r.Streaming.PoolSize:1000]]
[2020.03.19-23.02.06:621][  0]LogConfig: Setting CVar [[r.Streaming.MaxEffectiveScreenSize:0]]
[2020.03.19-23.02.06:621][  0]LogConfig: Applying CVar settings from Section [EffectsQuality@3] File [D:/GitHub/Building-Escape/BuildingEscape/Saved/Config/Windows/Scalability.ini]
[2020.03.19-23.02.06:621][  0]LogConfig: Setting CVar [[r.TranslucencyLightingVolumeDim:64]]
[2020.03.19-23.02.06:621][  0]LogConfig: Setting CVar [[r.RefractionQuality:2]]
[2020.03.19-23.02.06:621][  0]LogConfig: Setting CVar [[r.SSR.Quality:3]]
[2020.03.19-23.02.06:621][  0]LogConfig: Setting CVar [[r.SSR.HalfResSceneColor:0]]
[2020.03.19-23.02.06:621][  0]LogConfig: Setting CVar [[r.SceneColorFormat:4]]
[2020.03.19-23.02.06:621][  0]LogConfig: Setting CVar [[r.DetailMode:2]]
[2020.03.19-23.02.06:621][  0]LogConfig: Setting CVar [[r.TranslucencyVolumeBlur:1]]
[2020.03.19-23.02.06:621][  0]LogConfig: Setting CVar [[r.MaterialQualityLevel:1 ; High quality]]
[2020.03.19-23.02.06:621][  0]LogConfig: Setting CVar [[r.SSS.Scale:1]]
[2020.03.19-23.02.06:621][  0]LogConfig: Setting CVar [[r.SSS.SampleSet:2]]
[2020.03.19-23.02.06:621][  0]LogConfig: Setting CVar [[r.SSS.Quality:1]]
[2020.03.19-23.02.06:621][  0]LogConfig: Setting CVar [[r.SSS.HalfRes:1]]
[2020.03.19-23.02.06:621][  0]LogConfig: Setting CVar [[r.SSGI.Quality:3]]
[2020.03.19-23.02.06:621][  0]LogConfig: Setting CVar [[r.EmitterSpawnRateScale:1.0]]
[2020.03.19-23.02.06:622][  0]LogConfig: Setting CVar [[r.ParticleLightQuality:2]]
[2020.03.19-23.02.06:622][  0]LogConfig: Setting CVar [[r.SkyAtmosphere.AerialPerspectiveLUT.FastApplyOnOpaque:1 ; Always have FastSkyLUT 1 in this case to avoid wrong sky]]
[2020.03.19-23.02.06:622][  0]LogConfig: Setting CVar [[r.SkyAtmosphere.AerialPerspectiveLUT.SampleCountPerSlice:1]]
[2020.03.19-23.02.06:622][  0]LogConfig: Setting CVar [[r.SkyAtmosphere.AerialPerspectiveLUT.DepthResolution:16.0]]
[2020.03.19-23.02.06:622][  0]LogConfig: Setting CVar [[r.SkyAtmosphere.FastSkyLUT:1]]
[2020.03.19-23.02.06:622][  0]LogConfig: Setting CVar [[r.SkyAtmosphere.FastSkyLUT.SampleCountMin:4.0]]
[2020.03.19-23.02.06:622][  0]LogConfig: Setting CVar [[r.SkyAtmosphere.FastSkyLUT.SampleCountMax:32.0]]
[2020.03.19-23.02.06:622][  0]LogConfig: Setting CVar [[r.SkyAtmosphere.SampleCountMin:4.0]]
[2020.03.19-23.02.06:622][  0]LogConfig: Setting CVar [[r.SkyAtmosphere.SampleCountMax:32.0]]
[2020.03.19-23.02.06:622][  0]LogConfig: Setting CVar [[r.SkyAtmosphere.TransmittanceLUT.UseSmallFormat:0]]
[2020.03.19-23.02.06:622][  0]LogConfig: Setting CVar [[r.SkyAtmosphere.TransmittanceLUT.SampleCount:10.0]]
[2020.03.19-23.02.06:622][  0]LogConfig: Setting CVar [[r.SkyAtmosphere.MultiScatteringLUT.SampleCount:15.0]]
[2020.03.19-23.02.06:622][  0]LogConfig: Applying CVar settings from Section [FoliageQuality@3] File [D:/GitHub/Building-Escape/BuildingEscape/Saved/Config/Windows/Scalability.ini]
[2020.03.19-23.02.06:622][  0]LogConfig: Setting CVar [[foliage.DensityScale:1.0]]
[2020.03.19-23.02.06:622][  0]LogConfig: Setting CVar [[grass.DensityScale:1.0]]
[2020.03.19-23.02.06:622][  0]LogConfig: Applying CVar settings from Section [ShadingQuality@3] File [D:/GitHub/Building-Escape/BuildingEscape/Saved/Config/Windows/Scalability.ini]
[2020.03.19-23.02.06:622][  0]LogConfig: Setting CVar [[r.HairStrands.SkyLighting.SampleCount:16]]
[2020.03.19-23.02.06:622][  0]LogConfig: Setting CVar [[r.HairStrands.SkyLighting.JitterIntegration:0]]
[2020.03.19-23.02.06:622][  0]LogConfig: Setting CVar [[r.HairStrands.SkyAO.SampleCount:16]]
[2020.03.19-23.02.06:622][  0]LogInit: Selected Device Profile: [Windows]
[2020.03.19-23.02.06:622][  0]LogInit: Applying CVar settings loaded from the selected device profile: [Windows]
[2020.03.19-23.02.06:625][  0]LogHAL: Display: Platform has ~ 32 GB [34215428096 / 34359738368 / 32], which maps to Largest [LargestMinGB=32, LargerMinGB=12, DefaultMinGB=8, SmallerMinGB=6, SmallestMinGB=0)
[2020.03.19-23.02.06:625][  0]LogInit: Going up to parent DeviceProfile []
[2020.03.19-23.02.06:625][  0]LogConfig: Applying CVar settings from Section [ViewDistanceQuality@3] File [D:/GitHub/Building-Escape/BuildingEscape/Saved/Config/Windows/Scalability.ini]
[2020.03.19-23.02.06:625][  0]LogConfig: Setting CVar [[r.SkeletalMeshLODBias:0]]
[2020.03.19-23.02.06:625][  0]LogConfig: Setting CVar [[r.ViewDistanceScale:1.0]]
[2020.03.19-23.02.06:625][  0]LogConfig: Applying CVar settings from Section [AntiAliasingQuality@3] File [D:/GitHub/Building-Escape/BuildingEscape/Saved/Config/Windows/Scalability.ini]
[2020.03.19-23.02.06:625][  0]LogConfig: Setting CVar [[r.PostProcessAAQuality:4]]
[2020.03.19-23.02.06:625][  0]LogConfig: Applying CVar settings from Section [ShadowQuality@3] File [D:/GitHub/Building-Escape/BuildingEscape/Saved/Config/Windows/Scalability.ini]
[2020.03.19-23.02.06:625][  0]LogConfig: Setting CVar [[r.LightFunctionQuality:1]]
[2020.03.19-23.02.06:625][  0]LogConfig: Setting CVar [[r.ShadowQuality:5]]
[2020.03.19-23.02.06:625][  0]LogConfig: Setting CVar [[r.Shadow.CSM.MaxCascades:10]]
[2020.03.19-23.02.06:625][  0]LogConfig: Setting CVar [[r.Shadow.MaxResolution:2048]]
[2020.03.19-23.02.06:625][  0]LogConfig: Setting CVar [[r.Shadow.MaxCSMResolution:2048]]
[2020.03.19-23.02.06:625][  0]LogConfig: Setting CVar [[r.Shadow.RadiusThreshold:0.01]]
[2020.03.19-23.02.06:625][  0]LogConfig: Setting CVar [[r.Shadow.DistanceScale:1.0]]
[2020.03.19-23.02.06:626][  0]LogConfig: Setting CVar [[r.Shadow.CSM.TransitionScale:1.0]]
[2020.03.19-23.02.06:626][  0]LogConfig: Setting CVar [[r.Shadow.PreShadowResolutionFactor:1.0]]
[2020.03.19-23.02.06:626][  0]LogConfig: Setting CVar [[r.DistanceFieldShadowing:1]]
[2020.03.19-23.02.06:626][  0]LogConfig: Setting CVar [[r.DistanceFieldAO:1]]
[2020.03.19-23.02.06:626][  0]LogConfig: Setting CVar [[r.AOQuality:2]]
[2020.03.19-23.02.06:626][  0]LogConfig: Setting CVar [[r.VolumetricFog:1]]
[2020.03.19-23.02.06:626][  0]LogConfig: Setting CVar [[r.VolumetricFog.GridPixelSize:8]]
[2020.03.19-23.02.06:626][  0]LogConfig: Setting CVar [[r.VolumetricFog.GridSizeZ:128]]
[2020.03.19-23.02.06:626][  0]LogConfig: Setting CVar [[r.VolumetricFog.HistoryMissSupersampleCount:4]]
[2020.03.19-23.02.06:626][  0]LogConfig: Setting CVar [[r.LightMaxDrawDistanceScale:1]]
[2020.03.19-23.02.06:626][  0]LogConfig: Setting CVar [[r.CapsuleShadows:1]]
[2020.03.19-23.02.06:626][  0]LogConfig: Applying CVar settings from Section [PostProcessQuality@3] File [D:/GitHub/Building-Escape/BuildingEscape/Saved/Config/Windows/Scalability.ini]
[2020.03.19-23.02.06:626][  0]LogConfig: Setting CVar [[r.MotionBlurQuality:4]]
[2020.03.19-23.02.06:626][  0]LogConfig: Setting CVar [[r.AmbientOcclusionMipLevelFactor:0.4]]
[2020.03.19-23.02.06:626][  0]LogConfig: Setting CVar [[r.AmbientOcclusionMaxQuality:100]]
[2020.03.19-23.02.06:626][  0]LogConfig: Setting CVar [[r.AmbientOcclusionLevels:-1]]
[2020.03.19-23.02.06:626][  0]LogConfig: Setting CVar [[r.AmbientOcclusionRadiusScale:1.0]]
[2020.03.19-23.02.06:626][  0]LogConfig: Setting CVar [[r.DepthOfFieldQuality:2]]
[2020.03.19-23.02.06:626][  0]LogConfig: Setting CVar [[r.RenderTargetPoolMin:400]]
[2020.03.19-23.02.06:626][  0]LogConfig: Setting CVar [[r.LensFlareQuality:2]]
[2020.03.19-23.02.06:626][  0]LogConfig: Setting CVar [[r.SceneColorFringeQuality:1]]
[2020.03.19-23.02.06:626][  0]LogConfig: Setting CVar [[r.EyeAdaptationQuality:2]]
[2020.03.19-23.02.06:626][  0]LogConfig: Setting CVar [[r.BloomQuality:5]]
[2020.03.19-23.02.06:626][  0]LogConfig: Setting CVar [[r.FastBlurThreshold:100]]
[2020.03.19-23.02.06:626][  0]LogConfig: Setting CVar [[r.Upscale.Quality:3]]
[2020.03.19-23.02.06:626][  0]LogConfig: Setting CVar [[r.Tonemapper.GrainQuantization:1]]
[2020.03.19-23.02.06:626][  0]LogConfig: Setting CVar [[r.LightShaftQuality:1]]
[2020.03.19-23.02.06:627][  0]LogConfig: Setting CVar [[r.Filter.SizeScale:1]]
[2020.03.19-23.02.06:627][  0]LogConfig: Setting CVar [[r.Tonemapper.Quality:5]]
[2020.03.19-23.02.06:627][  0]LogConfig: Setting CVar [[r.DOF.Gather.AccumulatorQuality:1        ; higher gathering accumulator quality]]
[2020.03.19-23.02.06:627][  0]LogConfig: Setting CVar [[r.DOF.Gather.PostfilterMethod:1          ; Median3x3 postfilering method]]
[2020.03.19-23.02.06:627][  0]LogConfig: Setting CVar [[r.DOF.Gather.EnableBokehSettings:0       ; no bokeh simulation when gathering]]
[2020.03.19-23.02.06:627][  0]LogConfig: Setting CVar [[r.DOF.Gather.RingCount:4                 ; medium number of samples when gathering]]
[2020.03.19-23.02.06:627][  0]LogConfig: Setting CVar [[r.DOF.Scatter.ForegroundCompositing:1    ; additive foreground scattering]]
[2020.03.19-23.02.06:627][  0]LogConfig: Setting CVar [[r.DOF.Scatter.BackgroundCompositing:2    ; additive background scattering]]
[2020.03.19-23.02.06:627][  0]LogConfig: Setting CVar [[r.DOF.Scatter.EnableBokehSettings:1      ; bokeh simulation when scattering]]
[2020.03.19-23.02.06:627][  0]LogConfig: Setting CVar [[r.DOF.Scatter.MaxSpriteRatio:0.1         ; only a maximum of 10% of scattered bokeh]]
[2020.03.19-23.02.06:627][  0]LogConfig: Setting CVar [[r.DOF.Recombine.Quality:1                ; cheap slight out of focus]]
[2020.03.19-23.02.06:627][  0]LogConfig: Setting CVar [[r.DOF.Recombine.EnableBokehSettings:0    ; no bokeh simulation on slight out of focus]]
[2020.03.19-23.02.06:627][  0]LogConfig: Setting CVar [[r.DOF.TemporalAAQuality:1                ; more stable temporal accumulation]]
[2020.03.19-23.02.06:627][  0]LogConfig: Setting CVar [[r.DOF.Kernel.MaxForegroundRadius:0.025]]
[2020.03.19-23.02.06:627][  0]LogConfig: Setting CVar [[r.DOF.Kernel.MaxBackgroundRadius:0.025]]
[2020.03.19-23.02.06:627][  0]LogConfig: Applying CVar settings from Section [TextureQuality@3] File [D:/GitHub/Building-Escape/BuildingEscape/Saved/Config/Windows/Scalability.ini]
[2020.03.19-23.02.06:627][  0]LogConfig: Setting CVar [[r.Streaming.MipBias:0]]
[2020.03.19-23.02.06:627][  0]LogConfig: Setting CVar [[r.Streaming.AmortizeCPUToGPUCopy:0]]
[2020.03.19-23.02.06:627][  0]LogConfig: Setting CVar [[r.Streaming.MaxNumTexturesToStreamPerFrame:0]]
[2020.03.19-23.02.06:627][  0]LogConfig: Setting CVar [[r.Streaming.Boost:1]]
[2020.03.19-23.02.06:627][  0]LogConfig: Setting CVar [[r.MaxAnisotropy:8]]
[2020.03.19-23.02.06:627][  0]LogConfig: Setting CVar [[r.VT.MaxAnisotropy:8]]
[2020.03.19-23.02.06:627][  0]LogConfig: Setting CVar [[r.Streaming.LimitPoolSizeToVRAM:0]]
[2020.03.19-23.02.06:627][  0]LogConfig: Setting CVar [[r.Streaming.PoolSize:1000]]
[2020.03.19-23.02.06:627][  0]LogConfig: Setting CVar [[r.Streaming.MaxEffectiveScreenSize:0]]
[2020.03.19-23.02.06:627][  0]LogConfig: Applying CVar settings from Section [EffectsQuality@3] File [D:/GitHub/Building-Escape/BuildingEscape/Saved/Config/Windows/Scalability.ini]
[2020.03.19-23.02.06:627][  0]LogConfig: Setting CVar [[r.TranslucencyLightingVolumeDim:64]]
[2020.03.19-23.02.06:627][  0]LogConfig: Setting CVar [[r.RefractionQuality:2]]
[2020.03.19-23.02.06:627][  0]LogConfig: Setting CVar [[r.SSR.Quality:3]]
[2020.03.19-23.02.06:627][  0]LogConfig: Setting CVar [[r.SSR.HalfResSceneColor:0]]
[2020.03.19-23.02.06:627][  0]LogConfig: Setting CVar [[r.SceneColorFormat:4]]
[2020.03.19-23.02.06:627][  0]LogConfig: Setting CVar [[r.DetailMode:2]]
[2020.03.19-23.02.06:628][  0]LogConfig: Setting CVar [[r.TranslucencyVolumeBlur:1]]
[2020.03.19-23.02.06:628][  0]LogConfig: Setting CVar [[r.MaterialQualityLevel:1 ; High quality]]
[2020.03.19-23.02.06:628][  0]LogConfig: Setting CVar [[r.SSS.Scale:1]]
[2020.03.19-23.02.06:628][  0]LogConfig: Setting CVar [[r.SSS.SampleSet:2]]
[2020.03.19-23.02.06:628][  0]LogConfig: Setting CVar [[r.SSS.Quality:1]]
[2020.03.19-23.02.06:628][  0]LogConfig: Setting CVar [[r.SSS.HalfRes:1]]
[2020.03.19-23.02.06:628][  0]LogConfig: Setting CVar [[r.SSGI.Quality:3]]
[2020.03.19-23.02.06:628][  0]LogConfig: Setting CVar [[r.EmitterSpawnRateScale:1.0]]
[2020.03.19-23.02.06:628][  0]LogConfig: Setting CVar [[r.ParticleLightQuality:2]]
[2020.03.19-23.02.06:628][  0]LogConfig: Setting CVar [[r.SkyAtmosphere.AerialPerspectiveLUT.FastApplyOnOpaque:1 ; Always have FastSkyLUT 1 in this case to avoid wrong sky]]
[2020.03.19-23.02.06:628][  0]LogConfig: Setting CVar [[r.SkyAtmosphere.AerialPerspectiveLUT.SampleCountPerSlice:1]]
[2020.03.19-23.02.06:628][  0]LogConfig: Setting CVar [[r.SkyAtmosphere.AerialPerspectiveLUT.DepthResolution:16.0]]
[2020.03.19-23.02.06:628][  0]LogConfig: Setting CVar [[r.SkyAtmosphere.FastSkyLUT:1]]
[2020.03.19-23.02.06:628][  0]LogConfig: Setting CVar [[r.SkyAtmosphere.FastSkyLUT.SampleCountMin:4.0]]
[2020.03.19-23.02.06:628][  0]LogConfig: Setting CVar [[r.SkyAtmosphere.FastSkyLUT.SampleCountMax:32.0]]
[2020.03.19-23.02.06:628][  0]LogConfig: Setting CVar [[r.SkyAtmosphere.SampleCountMin:4.0]]
[2020.03.19-23.02.06:628][  0]LogConfig: Setting CVar [[r.SkyAtmosphere.SampleCountMax:32.0]]
[2020.03.19-23.02.06:628][  0]LogConfig: Setting CVar [[r.SkyAtmosphere.TransmittanceLUT.UseSmallFormat:0]]
[2020.03.19-23.02.06:628][  0]LogConfig: Setting CVar [[r.SkyAtmosphere.TransmittanceLUT.SampleCount:10.0]]
[2020.03.19-23.02.06:628][  0]LogConfig: Setting CVar [[r.SkyAtmosphere.MultiScatteringLUT.SampleCount:15.0]]
[2020.03.19-23.02.06:628][  0]LogConfig: Applying CVar settings from Section [FoliageQuality@3] File [D:/GitHub/Building-Escape/BuildingEscape/Saved/Config/Windows/Scalability.ini]
[2020.03.19-23.02.06:628][  0]LogConfig: Setting CVar [[foliage.DensityScale:1.0]]
[2020.03.19-23.02.06:628][  0]LogConfig: Setting CVar [[grass.DensityScale:1.0]]
[2020.03.19-23.02.06:628][  0]LogConfig: Applying CVar settings from Section [ShadingQuality@3] File [D:/GitHub/Building-Escape/BuildingEscape/Saved/Config/Windows/Scalability.ini]
[2020.03.19-23.02.06:628][  0]LogConfig: Setting CVar [[r.HairStrands.SkyLighting.SampleCount:16]]
[2020.03.19-23.02.06:628][  0]LogConfig: Setting CVar [[r.HairStrands.SkyLighting.JitterIntegration:0]]
[2020.03.19-23.02.06:628][  0]LogConfig: Setting CVar [[r.HairStrands.SkyAO.SampleCount:16]]
[2020.03.19-23.02.06:628][  0]LogConfig: Applying CVar settings from Section [Startup] File [../../../Engine/Config/ConsoleVariables.ini]
[2020.03.19-23.02.06:629][  0]LogConfig: Setting CVar [[net.UseAdaptiveNetUpdateFrequency:0]]
[2020.03.19-23.02.06:629][  0]LogConfig: Setting CVar [[p.chaos.AllowCreatePhysxBodies:1]]
[2020.03.19-23.02.06:629][  0]LogConfig: Applying CVar settings from Section [ConsoleVariables] File [D:/GitHub/Building-Escape/BuildingEscape/Saved/Config/Windows/Engine.ini]
[2020.03.19-23.02.06:629][  0]LogInit: Computer: NOAHSLAPTOP
[2020.03.19-23.02.06:629][  0]LogInit: User: shelt
[2020.03.19-23.02.06:629][  0]LogInit: CPU Page size=4096, Cores=4
[2020.03.19-23.02.06:629][  0]LogInit: High frequency timer resolution =10.000000 MHz
[2020.03.19-23.02.06:629][  0]LogMemory: Memory total: Physical=31.9GB (32GB approx)
[2020.03.19-23.02.06:629][  0]LogMemory: Platform Memory Stats for Windows
[2020.03.19-23.02.06:629][  0]LogMemory: Process Physical Memory: 115.71 MB used, 115.71 MB peak
[2020.03.19-23.02.06:629][  0]LogMemory: Process Virtual Memory: 104.95 MB used, 104.95 MB peak
[2020.03.19-23.02.06:629][  0]LogMemory: Physical Memory: 11597.46 MB used,  21032.92 MB free, 32630.38 MB total
[2020.03.19-23.02.06:629][  0]LogMemory: Virtual Memory: 5180.79 MB used,  134212544.00 MB free, 134217728.00 MB total
[2020.03.19-23.02.06:661][  0]LogWindows: WindowsPlatformFeatures enabled
[2020.03.19-23.02.06:687][  0]LogInit: Using OS detected language (en-US).
[2020.03.19-23.02.06:687][  0]LogInit: Using OS detected locale (en-US).
[2020.03.19-23.02.06:688][  0]LogTextLocalizationManager: No specific localization for 'en-US' exists, so the 'en' localization will be used.
[2020.03.19-23.02.06:926][  0]LogInit: Setting process to per monitor DPI aware
[2020.03.19-23.02.07:021][  0]LogSlate: New Slate User Created.  User Index 0, Is Virtual User: 0
[2020.03.19-23.02.07:022][  0]LogSlate: Slate User Registered.  User Index 0, Is Virtual User: 0
[2020.03.19-23.02.07:333][  0]LogHMD: Failed to initialize OpenVR with code 102
[2020.03.19-23.02.07:333][  0]LogD3D11RHI: D3D11 min allowed feature level: 11_0
[2020.03.19-23.02.07:333][  0]LogD3D11RHI: D3D11 max allowed feature level: 11_0
[2020.03.19-23.02.07:333][  0]LogD3D11RHI: D3D11 adapters:
[2020.03.19-23.02.07:464][  0]LogD3D11RHI:    0. 'NVIDIA GeForce GTX 1060 with Max-Q Design' (Feature Level 11_0)
[2020.03.19-23.02.07:464][  0]LogD3D11RHI:       6052/0/16315 MB DedicatedVideo/DedicatedSystem/SharedSystem, Outputs:2, VendorId:0x10de
[2020.03.19-23.02.07:531][  0]LogD3D11RHI:    1. 'Intel(R) HD Graphics 630' (Feature Level 11_0)
[2020.03.19-23.02.07:531][  0]LogD3D11RHI:       128/0/16315 MB DedicatedVideo/DedicatedSystem/SharedSystem, Outputs:0, VendorId:0x8086
[2020.03.19-23.02.07:536][  0]LogD3D11RHI:    2. 'Microsoft Basic Render Driver' (Feature Level 11_0)
[2020.03.19-23.02.07:536][  0]LogD3D11RHI:       0/0/16315 MB DedicatedVideo/DedicatedSystem/SharedSystem, Outputs:0, VendorId:0x1414
[2020.03.19-23.02.07:536][  0]LogD3D11RHI: Chosen D3D11 Adapter: 0
[2020.03.19-23.02.07:592][  0]LogD3D11RHI: Creating new Direct3DDevice
[2020.03.19-23.02.07:593][  0]LogD3D11RHI:     GPU DeviceId: 0x1c20 (for the marketing name, search the web for "GPU Device Id")
[2020.03.19-23.02.07:593][  0]LogWindows: EnumDisplayDevices:
[2020.03.19-23.02.07:593][  0]LogWindows:    0. 'Intel(R) HD Graphics 630' (P:0 D:0)
[2020.03.19-23.02.07:593][  0]LogWindows:    1. 'Intel(R) HD Graphics 630' (P:1 D:1)
[2020.03.19-23.02.07:594][  0]LogWindows:    2. 'Intel(R) HD Graphics 630' (P:0 D:1)
[2020.03.19-23.02.07:594][  0]LogWindows:    3. 'NVIDIA GeForce GTX 1060 with Max-Q Design' (P:0 D:0)
[2020.03.19-23.02.07:595][  0]LogWindows: DebugString: PrimaryIsNotTheChoosenAdapter PrimaryIsNotTheChoosenAdapter PrimaryIsNotTheChoosenAdapter 
[2020.03.19-23.02.07:595][  0]LogD3D11RHI:     Adapter Name: NVIDIA GeForce GTX 1060 with Max-Q Design
[2020.03.19-23.02.07:595][  0]LogD3D11RHI:   Driver Version: 442.74 (internal:26.21.14.4274, unified:442.74)
[2020.03.19-23.02.07:595][  0]LogD3D11RHI:      Driver Date: 3-13-2020
[2020.03.19-23.02.07:595][  0]LogRHI: Texture pool is 4236 MB (70% of 6052 MB)
[2020.03.19-23.02.07:677][  0]LogD3D11RHI: RHI has support for 64 bit atomics
[2020.03.19-23.02.07:677][  0]LogD3D11RHI: Async texture creation enabled
[2020.03.19-23.02.07:728][  0]LogD3D11RHI: GPU Timing Frequency: 1000.000000 (Debug: 2 1)
[2020.03.19-23.02.08:290][  0]LogTargetPlatformManager: Display: Loaded TargetPlatform 'AllDesktop'
[2020.03.19-23.02.08:346][  0]LogTargetPlatformManager: Display: Loaded TargetPlatform 'Android'
[2020.03.19-23.02.08:346][  0]LogTargetPlatformManager: Display: Loaded TargetPlatform 'Android_ASTC'
[2020.03.19-23.02.08:346][  0]LogTargetPlatformManager: Display: Loaded TargetPlatform 'Android_ATC'
[2020.03.19-23.02.08:346][  0]LogTargetPlatformManager: Display: Loaded TargetPlatform 'Android_DXT'
[2020.03.19-23.02.08:346][  0]LogTargetPlatformManager: Display: Loaded TargetPlatform 'Android_ETC1'
[2020.03.19-23.02.08:346][  0]LogTargetPlatformManager: Display: Loaded TargetPlatform 'Android_ETC1a'
[2020.03.19-23.02.08:347][  0]LogTargetPlatformManager: Display: Loaded TargetPlatform 'Android_ETC2'
[2020.03.19-23.02.08:347][  0]LogTargetPlatformManager: Display: Loaded TargetPlatform 'Android_PVRTC'
[2020.03.19-23.02.08:347][  0]LogTargetPlatformManager: Display: Loaded TargetPlatform 'AndroidClient'
[2020.03.19-23.02.08:347][  0]LogTargetPlatformManager: Display: Loaded TargetPlatform 'Android_ASTCClient'
[2020.03.19-23.02.08:347][  0]LogTargetPlatformManager: Display: Loaded TargetPlatform 'Android_ATCClient'
[2020.03.19-23.02.08:347][  0]LogTargetPlatformManager: Display: Loaded TargetPlatform 'Android_DXTClient'
[2020.03.19-23.02.08:347][  0]LogTargetPlatformManager: Display: Loaded TargetPlatform 'Android_ETC1Client'
[2020.03.19-23.02.08:347][  0]LogTargetPlatformManager: Display: Loaded TargetPlatform 'Android_ETC1aClient'
[2020.03.19-23.02.08:347][  0]LogTargetPlatformManager: Display: Loaded TargetPlatform 'Android_ETC2Client'
[2020.03.19-23.02.08:347][  0]LogTargetPlatformManager: Display: Loaded TargetPlatform 'Android_PVRTCClient'
[2020.03.19-23.02.08:347][  0]LogTargetPlatformManager: Display: Loaded TargetPlatform 'Android_Multi'
[2020.03.19-23.02.08:347][  0]LogTargetPlatformManager: Display: Loaded TargetPlatform 'Android_MultiClient'
[2020.03.19-23.02.08:368][  0]LogTargetPlatformManager: Display: Loaded TargetPlatform 'IOSClient'
[2020.03.19-23.02.08:369][  0]LogTargetPlatformManager: Display: Loaded TargetPlatform 'IOS'
[2020.03.19-23.02.08:378][  0]LogTargetPlatformManager: Display: Loaded TargetPlatform 'LinuxNoEditor'
[2020.03.19-23.02.08:389][  0]LogTargetPlatformManager: Display: Loaded TargetPlatform 'LinuxClient'
[2020.03.19-23.02.08:399][  0]LogTargetPlatformManager: Display: Loaded TargetPlatform 'LinuxServer'
[2020.03.19-23.02.08:407][  0]LogTargetPlatformManager: Display: Loaded TargetPlatform 'LinuxAArch64NoEditor'
[2020.03.19-23.02.08:416][  0]LogTargetPlatformManager: Display: Loaded TargetPlatform 'LinuxAArch64Client'
[2020.03.19-23.02.08:425][  0]LogTargetPlatformManager: Display: Loaded TargetPlatform 'LinuxAArch64Server'
[2020.03.19-23.02.08:453][  0]LogTargetPlatformManager: Display: Loaded TargetPlatform 'Lumin'
[2020.03.19-23.02.08:453][  0]LogTargetPlatformManager: Display: Loaded TargetPlatform 'LuminClient'
[2020.03.19-23.02.08:469][  0]LogTargetPlatformManager: Display: Loaded TargetPlatform 'TVOSClient'
[2020.03.19-23.02.08:469][  0]LogTargetPlatformManager: Display: Loaded TargetPlatform 'TVOS'
[2020.03.19-23.02.08:477][  0]LogTargetPlatformManager: Display: Loaded TargetPlatform 'WindowsNoEditor'
[2020.03.19-23.02.08:487][  0]LogTargetPlatformManager: Display: Loaded TargetPlatform 'Windows'
[2020.03.19-23.02.08:498][  0]LogTargetPlatformManager: Display: Loaded TargetPlatform 'WindowsClient'
[2020.03.19-23.02.08:506][  0]LogTargetPlatformManager: Display: Loaded TargetPlatform 'WindowsServer'
[2020.03.19-23.02.08:506][  0]LogTargetPlatformManager: Display: Building Assets For Windows
[2020.03.19-23.02.08:510][  0]LogAudioDebug: Display: Lib vorbis DLL was dynamically loaded.
[2020.03.19-23.02.08:540][  0]LogShaderCompilers: Guid format shader working directory is -4 characters bigger than the processId version (../../../../GitHub/Building-Escape/BuildingEscape/Intermediate/Shaders/WorkingDirectory/38896/).
[2020.03.19-23.02.08:540][  0]LogShaderCompilers: Cleaned the shader compiler working directory 'C:/Users/shelt/AppData/Local/Temp/UnrealShaderWorkingDir/C08BD46645499C9004FC6D90AF26BFD8/'.
[2020.03.19-23.02.08:541][  0]LogXGEController: Cannot use XGE Controller as Incredibuild is not installed on this machine.
[2020.03.19-23.02.08:541][  0]LogShaderCompilers: Cannot use XGE Shader Compiler as Incredibuild is not installed on this machine.
[2020.03.19-23.02.08:541][  0]LogShaderCompilers: Display: Using Local Shader Compiler.
[2020.03.19-23.02.09:503][  0]LogDerivedDataCache: Display: Max Cache Size: 512 MB
[2020.03.19-23.02.09:593][  0]LogDerivedDataCache: Loaded boot cache 0.09s 81MB C:/Users/shelt/AppData/Local/UnrealEngine/4.24/DerivedDataCache/Boot.ddc.
[2020.03.19-23.02.09:593][  0]LogDerivedDataCache: Display: Loaded Boot cache: C:/Users/shelt/AppData/Local/UnrealEngine/4.24/DerivedDataCache/Boot.ddc
[2020.03.19-23.02.09:594][  0]LogDerivedDataCache: FDerivedDataBackendGraph:  Pak pak cache file ../../../../GitHub/Building-Escape/BuildingEscape/DerivedDataCache/DDC.ddp not found, will not use a pak cache.
[2020.03.19-23.02.09:594][  0]LogDerivedDataCache: Unable to find inner node Pak for hierarchical cache Hierarchy.
[2020.03.19-23.02.09:594][  0]LogDerivedDataCache: FDerivedDataBackendGraph:  CompressedPak pak cache file ../../../../GitHub/Building-Escape/BuildingEscape/DerivedDataCache/Compressed.ddp not found, will not use a pak cache.
[2020.03.19-23.02.09:594][  0]LogDerivedDataCache: Unable to find inner node CompressedPak for hierarchical cache Hierarchy.
[2020.03.19-23.02.09:606][  0]LogDerivedDataCache: Display: Pak cache opened for reading ../../../Engine/DerivedDataCache/Compressed.ddp.
[2020.03.19-23.02.09:606][  0]LogDerivedDataCache: FDerivedDataBackendGraph:  EnterprisePak pak cache file ../../../Enterprise/DerivedDataCache/Compressed.ddp not found, will not use a pak cache.
[2020.03.19-23.02.09:606][  0]LogDerivedDataCache: Unable to find inner node EnterprisePak for hierarchical cache Hierarchy.
[2020.03.19-23.02.09:608][  0]LogDerivedDataCache: Using Local data cache path C:/Users/shelt/AppData/Local/UnrealEngine/Common/DerivedDataCache: Writable
[2020.03.19-23.02.09:608][  0]LogDerivedDataCache: Shared data cache path not found in *engine.ini, will not use an Shared cache.
[2020.03.19-23.02.09:608][  0]LogDerivedDataCache: Unable to find inner node Shared for hierarchical cache Hierarchy.
[2020.03.19-23.02.09:649][  0]LogMaterial: Verifying Global Shaders for PCD3D_SM5
[2020.03.19-23.02.09:653][  0]LogSlate: Using FreeType 2.10.0
[2020.03.19-23.02.09:654][  0]LogSlate: SlateFontServices - WITH_FREETYPE: 1, WITH_HARFBUZZ: 1
[2020.03.19-23.02.09:723][  0]LogAssetRegistry: FAssetRegistry took 0.0031 seconds to start up
[2020.03.19-23.02.10:124][  0]LogInit: Selected Device Profile: [Windows]
[2020.03.19-23.02.10:301][  0]LogMeshReduction: Using QuadricMeshReduction for automatic static mesh reduction
[2020.03.19-23.02.10:301][  0]LogMeshReduction: Using SimplygonMeshReduction for automatic skeletal mesh reduction
[2020.03.19-23.02.10:301][  0]LogMeshReduction: Using ProxyLODMeshReduction for automatic mesh merging
[2020.03.19-23.02.10:301][  0]LogMeshReduction: No distributed automatic mesh merging module available
[2020.03.19-23.02.10:301][  0]LogMeshMerging: No distributed automatic mesh merging module available
[2020.03.19-23.02.10:324][  0]LogNetVersion: BuildingEscape 1.0.0, NetCL: 10570792, EngineNetVer: 13, GameNetVer: 0 (Checksum: 2745654942)
[2020.03.19-23.02.11:781][  0]LogPackageLocalizationCache: Processed 10 localized package path(s) for 1 prioritized culture(s) in 0.099323 seconds
[2020.03.19-23.02.11:790][  0]LogUObjectArray: 46750 objects as part of root set at end of initial load.
[2020.03.19-23.02.11:790][  0]LogUObjectAllocator: 8137160 out of 0 bytes used by permanent object pool.
[2020.03.19-23.02.11:790][  0]LogUObjectArray: CloseDisregardForGC: 0/0 objects in disregard for GC pool
[2020.03.19-23.02.12:307][  0]LogTcpMessaging: Initializing TcpMessaging bridge
[2020.03.19-23.02.12:311][  0]LogUdpMessaging: Initializing bridge on interface 0.0.0.0:0 to multicast group 230.0.0.1:6666.
[2020.03.19-23.02.12:402][  0]SourceControl: Source control is disabled
[2020.03.19-23.02.12:402][  0]SourceControl: Source control is disabled
[2020.03.19-23.02.12:403][  0]SourceControl: Source control is disabled
[2020.03.19-23.02.12:404][  0]SourceControl: Source control is disabled
[2020.03.19-23.02.12:405][  0]SourceControl: Source control is disabled
[2020.03.19-23.02.12:504][  0]LogAndroidPermission: UAndroidPermissionCallbackProxy::GetInstance
[2020.03.19-23.02.12:519][  0]LogAudioCaptureCore: Display: No Audio Capture implementations found. Audio input will be silent.
[2020.03.19-23.02.12:519][  0]LogAudioCaptureCore: Display: No Audio Capture implementations found. Audio input will be silent.
[2020.03.19-23.02.12:619][  0]LogOcInput: OculusInput pre-init called
[2020.03.19-23.02.13:500][  0]LogEngine: Initializing Engine...
[2020.03.19-23.02.13:502][  0]LogHMD: Failed to initialize OpenVR with code 102
[2020.03.19-23.02.13:503][  0]LogStats: UGameplayTagsManager::InitializeManager -  0.000 s
[2020.03.19-23.02.13:936][  0]LogInit: Initializing FReadOnlyCVARCache
[2020.03.19-23.02.13:943][  0]LogAIModule: Creating AISystem for world Untitled
[2020.03.19-23.02.13:977][  0]LogAudioMixer: Display: Audio Mixer Platform Settings:
[2020.03.19-23.02.13:977][  0]LogAudioMixer: Display: 	Sample Rate:						  48000
[2020.03.19-23.02.13:977][  0]LogAudioMixer: Display: 	Callback Buffer Frame Size Requested: 1024
[2020.03.19-23.02.13:977][  0]LogAudioMixer: Display: 	Callback Buffer Frame Size To Use:	  1024
[2020.03.19-23.02.13:977][  0]LogAudioMixer: Display: 	Number of buffers to queue:			  2
[2020.03.19-23.02.13:977][  0]LogAudioMixer: Display: 	Max Channels (voices):				  32
[2020.03.19-23.02.13:977][  0]LogAudioMixer: Display: 	Number of Async Source Workers:		  0
[2020.03.19-23.02.13:977][  0]LogAudio: Display: AudioDevice MaxSources: 32
[2020.03.19-23.02.13:978][  0]LogAudio: Display: Using built-in audio occlusion.
[2020.03.19-23.02.13:978][  0]LogAudioMixer: Display: Initializing audio mixer.
[2020.03.19-23.02.14:092][  0]LogAudioMixer: Display: Audio Device Output Speaker Info:
[2020.03.19-23.02.14:092][  0]LogAudioMixer: Display: Name: Headphones (Realtek USB Audio)
[2020.03.19-23.02.14:092][  0]LogAudioMixer: Display: Is Default: Yes
[2020.03.19-23.02.14:092][  0]LogAudioMixer: Display: Sample Rate: 48000
[2020.03.19-23.02.14:092][  0]LogAudioMixer: Display: Channel Count Used: 2
[2020.03.19-23.02.14:092][  0]LogAudioMixer: Display: Device Channel Count: 2
[2020.03.19-23.02.14:092][  0]LogAudioMixer: Display: Channel Order:
[2020.03.19-23.02.14:092][  0]LogAudioMixer: Display: 0: FrontLeft
[2020.03.19-23.02.14:092][  0]LogAudioMixer: Display: 1: FrontRight
[2020.03.19-23.02.14:141][  0]LogAudioMixer: Display: Using Audio Device Headphones (Realtek USB Audio)
[2020.03.19-23.02.14:144][  0]LogInit: FAudioDevice initialized.
[2020.03.19-23.02.14:145][  0]LogNetVersion: Set ProjectVersion to 1.0.0.0. Version Checksum will be recalculated on next use.
[2020.03.19-23.02.14:214][  0]LogDerivedDataCache: Saved boot cache 0.07s 81MB C:/Users/shelt/AppData/Local/UnrealEngine/4.24/DerivedDataCache/Boot.ddc.
[2020.03.19-23.02.14:224][  0]LogInit: Texture streaming: Enabled
[2020.03.19-23.02.14:237][  0]LogEngineSessionManager: EngineSessionManager initialized
[2020.03.19-23.02.14:237][  0]LogEditorSessionSummary: Verbose: Initializing EditorSessionSummaryWriter for editor session tracking
[2020.03.19-23.02.14:241][  0]LogEditorSessionSummary: EditorSessionSummaryWriter initialized
[2020.03.19-23.02.14:325][  0]LogInit: Transaction tracking system initialized
[2020.03.19-23.02.14:335][  0]BlueprintLog: New page: Editor Load
[2020.03.19-23.02.14:366][  0]LocalizationService: Localization service is disabled
[2020.03.19-23.02.14:778][  0]LogFileCache: Scanning file cache for directory 'D:/GitHub/Building-Escape/BuildingEscape/Content/' took 0.01s
[2020.03.19-23.02.14:778][  0]LogCook: Display: Max memory allowance for cook 16384mb min free memory 0mb
[2020.03.19-23.02.14:778][  0]LogCook: Display: Mobile HDR setting 1
[2020.03.19-23.02.15:599][  0]SourceControl: Source control is disabled
[2020.03.19-23.02.15:599][  0]Cmd: MAP LOAD FILE="../../../Engine/Content/Maps/Templates/Template_Default.umap" TEMPLATE=1 SHOWPROGRESS=1 FEATURELEVEL=3
[2020.03.19-23.02.15:599][  0]LightingResults: New page: Lighting Build
[2020.03.19-23.02.15:600][  0]LogWorld: UWorld::CleanupWorld for Untitled, bSessionEnded=true, bCleanupResources=true
[2020.03.19-23.02.15:600][  0]LogSlate: InvalidateAllWidgets triggered.  All widgets were invalidated
[2020.03.19-23.02.15:601][  0]MapCheck: New page: Map Check
[2020.03.19-23.02.15:601][  0]LightingResults: New page: Lighting Build
[2020.03.19-23.02.15:631][  0]LogUObjectHash: Compacting FUObjectHashTables data took   2.96ms
[2020.03.19-23.02.15:736][  0]LogAIModule: Creating AISystem for world Untitled_1
[2020.03.19-23.02.15:743][  0]LogEditorServer: Finished looking for orphan Actors (0.000 secs)
[2020.03.19-23.02.15:774][  0]LogUObjectHash: Compacting FUObjectHashTables data took   3.48ms
[2020.03.19-23.02.15:774][  0]Cmd: MAP CHECKDEP NOCLEARLOG
[2020.03.19-23.02.15:775][  0]MapCheck: Map check complete: 0 Error(s), 0 Warning(s), took 0.252ms to complete.
[2020.03.19-23.02.15:775][  0]LogFileHelpers: Loading map 'Template_Default' took 0.175
[2020.03.19-23.02.16:083][  0]LogSlate: Updating window title bar state: overlay mode, drag disabled, window buttons hidden, title bar hidden
[2020.03.19-23.02.16:091][  0]LogSlate: Updating window title bar state: overlay mode, drag disabled, window buttons hidden, title bar hidden
[2020.03.19-23.02.16:102][  0]LogSlate: Updating window title bar state: overlay mode, drag disabled, window buttons hidden, title bar hidden
[2020.03.19-23.02.16:112][  0]LogSlate: Updating window title bar state: overlay mode, drag disabled, window buttons hidden, title bar hidden
[2020.03.19-23.02.16:127][  0]LogCollectionManager: Loaded 0 collections in 0.001446 seconds
[2020.03.19-23.02.16:146][  0]LogFileCache: Scanning file cache for directory 'D:/GitHub/Building-Escape/BuildingEscape/Saved/Collections/' took 0.00s
[2020.03.19-23.02.16:146][  0]LogFileCache: Scanning file cache for directory 'D:/GitHub/Building-Escape/BuildingEscape/Content/Developers/shelt/Collections/' took 0.00s
[2020.03.19-23.02.16:146][  0]LogFileCache: Scanning file cache for directory 'D:/GitHub/Building-Escape/BuildingEscape/Content/Collections/' took 0.00s
[2020.03.19-23.02.16:146][  0]LogContentBrowser: Native class hierarchy populated in 0.0118 seconds. Added 3018 classes and 719 folders.
[2020.03.19-23.02.16:151][  0]LogContentBrowser: Native class hierarchy updated for 'WidgetCarousel' in 0.0005 seconds. Added 0 classes and 0 folders.
[2020.03.19-23.02.16:862][  0]LogContentBrowser: Native class hierarchy updated for 'AddContentDialog' in 0.0005 seconds. Added 0 classes and 0 folders.
[2020.03.19-23.02.16:901][  0]LogContentBrowser: Native class hierarchy updated for 'SceneOutliner' in 0.0004 seconds. Added 2 classes and 3 folders.
[2020.03.19-23.02.18:669][  0]LogSlate: Took 0.000328 seconds to synchronously load lazily loaded font '../../../Engine/Content/Slate/Fonts/Roboto-Regular.ttf' (155K)
[2020.03.19-23.02.18:672][  0]LogSlate: Took 0.000227 seconds to synchronously load lazily loaded font '../../../Engine/Content/Slate/Fonts/Roboto-Bold.ttf' (160K)
[2020.03.19-23.02.18:695][  0]LogSlate: Took 0.016544 seconds to synchronously load lazily loaded font '../../../Engine/Content/Editor/Slate/Fonts/FontAwesome.ttf' (139K)
[2020.03.19-23.02.18:974][  0]LogRenderer: Reallocating scene render targets to support 1208x580 Format 10 NumSamples 1 (Frame:1).
[2020.03.19-23.02.19:199][  0]LogContentBrowser: Native class hierarchy updated for 'HierarchicalLODOutliner' in 0.0005 seconds. Added 0 classes and 0 folders.
[2020.03.19-23.02.19:200][  0]LogLoad: (Engine Initialization) Total time: 14.79 seconds
[2020.03.19-23.02.19:200][  0]LogLoad: (Engine Initialization) Total Blueprint compile time: 0.00 seconds
[2020.03.19-23.02.19:436][  0]LogAssetRegistry: Asset discovery search completed in 9.7140 seconds
[2020.03.19-23.02.19:439][  0]LogCollectionManager: Fixed up redirectors for 0 collections in 0.000010 seconds (updated 0 objects)
[2020.03.19-23.02.19:441][  0]LogContentStreaming: Texture pool size now 1000 MB
[2020.03.19-23.02.19:491][  0]LogSlate: Took 0.009756 seconds to synchronously load lazily loaded font '../../../Engine/Content/Slate/Fonts/Roboto-Light.ttf' (167K)
[2020.03.19-23.02.22:633][175]LogSlate: Window 'Message Log' being destroyed
[2020.03.19-23.02.22:646][175]LogSlate: Window 'Message Log' being destroyed
[2020.03.19-23.02.26:401][334]LogUObjectHash: Compacting FUObjectHashTables data took   1.09ms
[2020.03.19-23.02.26:411][334]Cmd: MAP LOAD FILE="../../../../GitHub/Building-Escape/BuildingEscape/Content/BuildingEscape.umap" TEMPLATE=0 SHOWPROGRESS=1 FEATURELEVEL=3
[2020.03.19-23.02.26:429][334]LogSlate: Took 0.000408 seconds to synchronously load lazily loaded font '../../../Engine/Content/Slate/Fonts/Roboto-Light.ttf' (167K)
[2020.03.19-23.02.26:462][334]LightingResults: New page: Lighting Build
[2020.03.19-23.02.26:463][334]LoadErrors: New page: Loading map: BuildingEscape.umap
[2020.03.19-23.02.26:464][334]LogWorld: UWorld::CleanupWorld for Untitled_1, bSessionEnded=true, bCleanupResources=true
[2020.03.19-23.02.26:464][334]LogSlate: InvalidateAllWidgets triggered.  All widgets were invalidated
[2020.03.19-23.02.26:464][334]MapCheck: New page: Map Check
[2020.03.19-23.02.26:464][334]LightingResults: New page: Lighting Build
[2020.03.19-23.02.26:492][334]LogUObjectHash: Compacting FUObjectHashTables data took   1.69ms
[2020.03.19-23.02.26:596][334]LogMaterial: Display: Missing cached shader map for material wood_Mat, compiling. 
[2020.03.19-23.02.26:768][334]LogShaderCompilers: Display: Worker (1/5): shaders left to compile 24
[2020.03.19-23.02.26:768][334]LogShaderCompilers: Display: Worker (2/5): shaders left to compile 17
[2020.03.19-23.02.26:768][334]LogShaderCompilers: Display: Worker (3/5): shaders left to compile 10
[2020.03.19-23.02.26:768][334]LogShaderCompilers: Display: Worker (4/5): shaders left to compile 3
[2020.03.19-23.02.26:860][334]LogAIModule: Creating AISystem for world BuildingEscape
[2020.03.19-23.02.27:012][334]LogEditorServer: Finished looking for orphan Actors (0.000 secs)
[2020.03.19-23.02.27:047][334]LogUObjectHash: Compacting FUObjectHashTables data took   2.83ms
[2020.03.19-23.02.27:122][334]Cmd: MAP CHECKDEP NOCLEARLOG
[2020.03.19-23.02.27:122][334]MapCheck: Map check complete: 0 Error(s), 0 Warning(s), took 0.087ms to complete.
[2020.03.19-23.02.27:122][334]LogFileHelpers: Loading map 'BuildingEscape' took 0.714
[2020.03.19-23.02.27:123][334]LogSlate: Window 'Open Level' being destroyed
[2020.03.19-23.02.46:444][454]LogTemp: Repeating last play command: Selected Viewport
[2020.03.19-23.02.46:471][454]LogPlayLevel: PlayLevel: No blueprints needed recompiling
[2020.03.19-23.02.46:472][454]PIE: New page: PIE session: BuildingEscape (Mar 19, 2020, 3:02:46 PM)
[2020.03.19-23.02.46:474][454]LogOnline: OSS: Creating online subsystem instance for: NULL
[2020.03.19-23.02.46:476][454]LogOnline: OSS: TryLoadSubsystemAndSetDefault: Loaded subsystem for module [NULL]
[2020.03.19-23.02.46:476][454]LogPlayLevel: Creating play world package: /Game/UEDPIE_0_BuildingEscape
[2020.03.19-23.02.46:487][454]LogPlayLevel: PIE: StaticDuplicateObject took: (0.011230s)
[2020.03.19-23.02.46:488][454]LogAIModule: Creating AISystem for world BuildingEscape
[2020.03.19-23.02.46:489][454]LogPlayLevel: PIE: World Init took: (0.001928s)
[2020.03.19-23.02.46:489][454]LogPlayLevel: PIE: Created PIE world by copying editor world from /Game/BuildingEscape.BuildingEscape to /Game/UEDPIE_0_BuildingEscape.BuildingEscape (0.013447s)
[2020.03.19-23.02.46:517][454]LogUObjectHash: Compacting FUObjectHashTables data took   2.74ms
[2020.03.19-23.02.46:518][454]LogAudioMixer: Display: Audio Mixer Platform Settings:
[2020.03.19-23.02.46:518][454]LogAudioMixer: Display: 	Sample Rate:						  48000
[2020.03.19-23.02.46:518][454]LogAudioMixer: Display: 	Callback Buffer Frame Size Requested: 1024
[2020.03.19-23.02.46:518][454]LogAudioMixer: Display: 	Callback Buffer Frame Size To Use:	  1024
[2020.03.19-23.02.46:518][454]LogAudioMixer: Display: 	Number of buffers to queue:			  2
[2020.03.19-23.02.46:518][454]LogAudioMixer: Display: 	Max Channels (voices):				  32
[2020.03.19-23.02.46:518][454]LogAudioMixer: Display: 	Number of Async Source Workers:		  0
[2020.03.19-23.02.46:518][454]LogAudio: Display: AudioDevice MaxSources: 32
[2020.03.19-23.02.46:519][454]LogAudio: Display: Using built-in audio occlusion.
[2020.03.19-23.02.46:519][454]LogAudioMixer: Display: Initializing audio mixer.
[2020.03.19-23.02.46:574][454]LogAudioMixer: Display: Audio Device Output Speaker Info:
[2020.03.19-23.02.46:574][454]LogAudioMixer: Display: Name: Headphones (Realtek USB Audio)
[2020.03.19-23.02.46:574][454]LogAudioMixer: Display: Is Default: Yes
[2020.03.19-23.02.46:574][454]LogAudioMixer: Display: Sample Rate: 48000
[2020.03.19-23.02.46:574][454]LogAudioMixer: Display: Channel Count Used: 2
[2020.03.19-23.02.46:574][454]LogAudioMixer: Display: Device Channel Count: 2
[2020.03.19-23.02.46:574][454]LogAudioMixer: Display: Channel Order:
[2020.03.19-23.02.46:574][454]LogAudioMixer: Display: 0: FrontLeft
[2020.03.19-23.02.46:574][454]LogAudioMixer: Display: 1: FrontRight
[2020.03.19-23.02.46:601][454]LogAudioMixer: Display: Using Audio Device Headphones (Realtek USB Audio)
[2020.03.19-23.02.46:603][454]LogInit: FAudioDevice initialized.
[2020.03.19-23.02.46:613][454]LogLoad: Game class is 'GameModeBase'
[2020.03.19-23.02.46:617][454]LogWorld: Bringing World /Game/UEDPIE_0_BuildingEscape.BuildingEscape up for play (max tick rate 60) at 2020.03.19-19.02.46
[2020.03.19-23.02.46:617][454]LogWorld: Bringing up level for play took: 0.001436
[2020.03.19-23.02.46:617][454]LogOnline: OSS: Creating online subsystem instance for: :Context_3
[2020.03.19-23.02.46:626][454]LogContentBrowser: Native class hierarchy updated for 'MovieSceneCapture' in 0.0008 seconds. Added 20 classes and 0 folders.
[2020.03.19-23.02.46:628][454]LogTemp: Warning: Cube_2 position in world is: X=40.000 Y=-430.000 Z=110.000
[2020.03.19-23.02.46:629][454]PIE: Play in editor start time for /Game/UEDPIE_0_BuildingEscape 0.499
[2020.03.19-23.03.07:613][701]LogAudioMixer: Display: No commands were queued while flushing the source manager.
[2020.03.19-23.03.07:617][701]LogAudioMixer: Display: Flush succeeded in the source manager command queue (1).
[2020.03.19-23.03.07:638][701]LogAudioMixer: Display: Flush succeeded the source manager command queue (2).
[2020.03.19-23.03.07:638][701]LogSlate: Updating window title bar state: overlay mode, drag disabled, window buttons hidden, title bar hidden
[2020.03.19-23.03.07:638][701]LogWorld: BeginTearingDown for /Game/UEDPIE_0_BuildingEscape
[2020.03.19-23.03.07:638][701]LogAudioMixer: Display: No commands were queued while flushing the source manager.
[2020.03.19-23.03.07:638][701]LogWorld: UWorld::CleanupWorld for BuildingEscape, bSessionEnded=true, bCleanupResources=true
[2020.03.19-23.03.07:639][701]LogSlate: InvalidateAllWidgets triggered.  All widgets were invalidated
[2020.03.19-23.03.07:651][701]LogPlayLevel: Display: Shutting down PIE online subsystems
[2020.03.19-23.03.07:655][701]LogSlate: InvalidateAllWidgets triggered.  All widgets were invalidated
[2020.03.19-23.03.07:683][701]LogAudioMixer: Display: No commands were queued while flushing the source manager.
[2020.03.19-23.03.07:689][701]LogSlate: Updating window title bar state: overlay mode, drag disabled, window buttons hidden, title bar hidden
[2020.03.19-23.03.07:692][701]LogUObjectHash: Compacting FUObjectHashTables data took   1.78ms
[2020.03.19-23.03.07:712][702]LogPlayLevel: Display: Destroying online subsystem :Context_3
[2020.03.19-23.03.13:264][ 28]Cmd: SELECT NONE
[2020.03.19-23.05.01:958][771]Candidate modules for hot reload:
[2020.03.19-23.05.01:958][771]  BuildingEscape
[2020.03.19-23.05.01:958][771]Launching UnrealBuildTool... [D:/UE_4.24/Engine/Binaries/DotNET/UnrealBuildTool.exe  -ModuleWithSuffix=BuildingEscape,3762 Win64 Development -TargetType=Editor -Project="D:/GitHub/Building-Escape/BuildingEscape/BuildingEscape.uproject" "D:/GitHub/Building-Escape/BuildingEscape/BuildingEscape.uproject"  -IgnoreJunk]
[2020.03.19-23.05.01:961][771]Warning: Starting HotReload took  0.0s.
[2020.03.19-23.05.13:063][413]CompilerResultsLog: New page: Compilation - Mar 19, 2020, 3:05:13 PM
[2020.03.19-23.05.13:063][413]CompilerResultsLog: Using 'git status' to determine working set for adaptive non-unity build (D:\GitHub\Building-Escape).
[2020.03.19-23.05.13:063][413]CompilerResultsLog: Building BuildingEscapeEditor...
[2020.03.19-23.05.13:063][413]CompilerResultsLog: Using Visual Studio 2019 14.24.28315 toolchain (C:\Program Files (x86)\Microsoft Visual Studio\2019\Community\VC\Tools\MSVC\14.24.28314) and Windows 10.0.18362.0 SDK (C:\Program Files (x86)\Windows Kits\10).
[2020.03.19-23.05.13:063][413]CompilerResultsLog: Building 4 actions with 8 processes...
[2020.03.19-23.05.13:063][413]CompilerResultsLog:   [1/4] OpenDoor.cpp
[2020.03.19-23.05.13:063][413]CompilerResultsLog:   [2/4] UE4Editor-BuildingEscape-3762.lib
[2020.03.19-23.05.13:063][413]CompilerResultsLog:      Creating library D:\GitHub\Building-Escape\BuildingEscape\Intermediate\Build\Win64\UE4Editor\Development\BuildingEscape\UE4Editor-BuildingEscape-3762.lib and object D:\GitHub\Building-Escape\BuildingEscape\Intermediate\Build\Win64\UE4Editor\Development\BuildingEscape\UE4Editor-BuildingEscape-3762.exp
[2020.03.19-23.05.13:063][413]CompilerResultsLog:   [3/4] UE4Editor-BuildingEscape-3762.dll
[2020.03.19-23.05.13:063][413]CompilerResultsLog:      Creating library D:\GitHub\Building-Escape\BuildingEscape\Intermediate\Build\Win64\UE4Editor\Development\BuildingEscape\UE4Editor-BuildingEscape-3762.suppressed.lib and object D:\GitHub\Building-Escape\BuildingEscape\Intermediate\Build\Win64\UE4Editor\Development\BuildingEscape\UE4Editor-BuildingEscape-3762.suppressed.exp
[2020.03.19-23.05.13:063][413]CompilerResultsLog:   [4/4] BuildingEscapeEditor.target
[2020.03.19-23.05.13:064][413]CompilerResultsLog: Total time in Parallel executor: 8.66 seconds
[2020.03.19-23.05.13:064][413]CompilerResultsLog: Total execution time: 10.88 seconds
[2020.03.19-23.05.13:064][413]LogMainFrame: MainFrame: Module compiling took 11.122 seconds
[2020.03.19-23.05.13:094][413]LogUObjectHash: Compacting FUObjectHashTables data took   2.46ms
[2020.03.19-23.05.13:127][413]LogContentBrowser: Native class hierarchy updated for 'BuildingEscape' in 0.0005 seconds. Added 3 classes and 2 folders.
[2020.03.19-23.05.13:130][413]Display: HotReload successful (0 functions remapped  0 scriptstructs remapped)
[2020.03.19-23.05.13:208][413]LogUObjectHash: Compacting FUObjectHashTables data took   1.19ms
[2020.03.19-23.05.13:217][413]LogContentBrowser: Native class hierarchy populated in 0.0089 seconds. Added 3020 classes and 722 folders.
[2020.03.19-23.05.13:223][413]Display: HotReload took 11.3s.
[2020.03.19-23.05.19:779][792]LogTemp: Repeating last play command: Selected Viewport
[2020.03.19-23.05.19:812][792]LogPlayLevel: PlayLevel: No blueprints needed recompiling
[2020.03.19-23.05.19:813][792]PIE: New page: PIE session: BuildingEscape (Mar 19, 2020, 3:05:19 PM)
[2020.03.19-23.05.19:813][792]LogPlayLevel: Creating play world package: /Game/UEDPIE_0_BuildingEscape
[2020.03.19-23.05.19:826][792]LogPlayLevel: PIE: StaticDuplicateObject took: (0.013482s)
[2020.03.19-23.05.19:828][792]LogAIModule: Creating AISystem for world BuildingEscape
[2020.03.19-23.05.19:828][792]LogPlayLevel: PIE: World Init took: (0.001387s)
[2020.03.19-23.05.19:828][792]LogPlayLevel: PIE: Created PIE world by copying editor world from /Game/BuildingEscape.BuildingEscape to /Game/UEDPIE_0_BuildingEscape.BuildingEscape (0.015073s)
[2020.03.19-23.05.19:855][792]LogUObjectHash: Compacting FUObjectHashTables data took   2.43ms
[2020.03.19-23.05.19:856][792]LogAudioMixer: Display: Audio Mixer Platform Settings:
[2020.03.19-23.05.19:857][792]LogAudioMixer: Display: 	Sample Rate:						  48000
[2020.03.19-23.05.19:857][792]LogAudioMixer: Display: 	Callback Buffer Frame Size Requested: 1024
[2020.03.19-23.05.19:857][792]LogAudioMixer: Display: 	Callback Buffer Frame Size To Use:	  1024
[2020.03.19-23.05.19:857][792]LogAudioMixer: Display: 	Number of buffers to queue:			  2
[2020.03.19-23.05.19:857][792]LogAudioMixer: Display: 	Max Channels (voices):				  32
[2020.03.19-23.05.19:857][792]LogAudioMixer: Display: 	Number of Async Source Workers:		  0
[2020.03.19-23.05.19:857][792]LogAudio: Display: AudioDevice MaxSources: 32
[2020.03.19-23.05.19:857][792]LogAudio: Display: Using built-in audio occlusion.
[2020.03.19-23.05.19:857][792]LogAudioMixer: Display: Initializing audio mixer.
[2020.03.19-23.05.19:920][792]LogAudioMixer: Display: Audio Device Output Speaker Info:
[2020.03.19-23.05.19:920][792]LogAudioMixer: Display: Name: Headphones (Realtek USB Audio)
[2020.03.19-23.05.19:920][792]LogAudioMixer: Display: Is Default: Yes
[2020.03.19-23.05.19:920][792]LogAudioMixer: Display: Sample Rate: 48000
[2020.03.19-23.05.19:920][792]LogAudioMixer: Display: Channel Count Used: 2
[2020.03.19-23.05.19:920][792]LogAudioMixer: Display: Device Channel Count: 2
[2020.03.19-23.05.19:920][792]LogAudioMixer: Display: Channel Order:
[2020.03.19-23.05.19:920][792]LogAudioMixer: Display: 0: FrontLeft
[2020.03.19-23.05.19:920][792]LogAudioMixer: Display: 1: FrontRight
[2020.03.19-23.05.19:946][792]LogAudioMixer: Display: Using Audio Device Headphones (Realtek USB Audio)
[2020.03.19-23.05.19:949][792]LogInit: FAudioDevice initialized.
[2020.03.19-23.05.19:955][792]LogLoad: Game class is 'GameModeBase'
[2020.03.19-23.05.19:957][792]LogWorld: Bringing World /Game/UEDPIE_0_BuildingEscape.BuildingEscape up for play (max tick rate 60) at 2020.03.19-19.05.19
[2020.03.19-23.05.19:958][792]LogWorld: Bringing up level for play took: 0.001266
[2020.03.19-23.05.19:958][792]LogOnline: OSS: Creating online subsystem instance for: :Context_4
[2020.03.19-23.05.19:961][792]LogTemp: Warning: Cube_2 position in world is: X=40.000 Y=-430.000 Z=110.000
[2020.03.19-23.05.19:961][792]PIE: Play in editor start time for /Game/UEDPIE_0_BuildingEscape -0.169
[2020.03.19-23.05.28:952][323]LogAudioMixer: Display: No commands were queued while flushing the source manager.
[2020.03.19-23.05.28:969][323]LogAudioMixer: Display: Flush succeeded in the source manager command queue (1).
[2020.03.19-23.05.28:989][323]LogAudioMixer: Display: Flush succeeded the source manager command queue (2).
[2020.03.19-23.05.28:989][323]LogSlate: Updating window title bar state: overlay mode, drag disabled, window buttons hidden, title bar hidden
[2020.03.19-23.05.28:990][323]LogWorld: BeginTearingDown for /Game/UEDPIE_0_BuildingEscape
[2020.03.19-23.05.28:990][323]LogAudioMixer: Display: No commands were queued while flushing the source manager.
[2020.03.19-23.05.28:990][323]LogWorld: UWorld::CleanupWorld for BuildingEscape, bSessionEnded=true, bCleanupResources=true
[2020.03.19-23.05.28:990][323]LogSlate: InvalidateAllWidgets triggered.  All widgets were invalidated
[2020.03.19-23.05.28:996][323]LogPlayLevel: Display: Shutting down PIE online subsystems
[2020.03.19-23.05.29:000][323]LogSlate: InvalidateAllWidgets triggered.  All widgets were invalidated
[2020.03.19-23.05.29:026][323]LogAudioMixer: Display: No commands were queued while flushing the source manager.
[2020.03.19-23.05.29:031][323]LogSlate: Updating window title bar state: overlay mode, drag disabled, window buttons hidden, title bar hidden
[2020.03.19-23.05.29:034][323]LogUObjectHash: Compacting FUObjectHashTables data took   1.56ms
[2020.03.19-23.05.29:059][324]LogPlayLevel: Display: Destroying online subsystem :Context_4
[2020.03.19-23.05.30:081][382]LogEditorViewport: Clicking on Actor (LMB): StaticMeshActor (2x1_Door_and_Frame_Door)
[2020.03.19-23.05.31:356][442]LogSlate: Took 0.009907 seconds to synchronously load lazily loaded font '../../../Engine/Content/Slate/Fonts/Roboto-Italic.ttf' (157K)
[2020.03.19-23.05.38:906][873]LogEditorViewport: Clicking on Actor (LMB): StaticMeshActor (Floor)
[2020.03.19-23.05.39:929][929]LogTemp: Repeating last play command: Selected Viewport
[2020.03.19-23.05.39:956][929]LogPlayLevel: PlayLevel: No blueprints needed recompiling
[2020.03.19-23.05.39:956][929]PIE: New page: PIE session: BuildingEscape (Mar 19, 2020, 3:05:39 PM)
[2020.03.19-23.05.39:956][929]LogPlayLevel: Creating play world package: /Game/UEDPIE_0_BuildingEscape
[2020.03.19-23.05.39:965][929]LogPlayLevel: PIE: StaticDuplicateObject took: (0.008531s)
[2020.03.19-23.05.39:966][929]LogAIModule: Creating AISystem for world BuildingEscape
[2020.03.19-23.05.39:966][929]LogPlayLevel: PIE: World Init took: (0.001043s)
[2020.03.19-23.05.39:966][929]LogPlayLevel: PIE: Created PIE world by copying editor world from /Game/BuildingEscape.BuildingEscape to /Game/UEDPIE_0_BuildingEscape.BuildingEscape (0.009760s)
[2020.03.19-23.05.39:994][929]LogUObjectHash: Compacting FUObjectHashTables data took   2.10ms
[2020.03.19-23.05.39:996][929]LogAudioMixer: Display: Audio Mixer Platform Settings:
[2020.03.19-23.05.39:996][929]LogAudioMixer: Display: 	Sample Rate:						  48000
[2020.03.19-23.05.39:996][929]LogAudioMixer: Display: 	Callback Buffer Frame Size Requested: 1024
[2020.03.19-23.05.39:996][929]LogAudioMixer: Display: 	Callback Buffer Frame Size To Use:	  1024
[2020.03.19-23.05.39:996][929]LogAudioMixer: Display: 	Number of buffers to queue:			  2
[2020.03.19-23.05.39:996][929]LogAudioMixer: Display: 	Max Channels (voices):				  32
[2020.03.19-23.05.39:996][929]LogAudioMixer: Display: 	Number of Async Source Workers:		  0
[2020.03.19-23.05.39:996][929]LogAudio: Display: AudioDevice MaxSources: 32
[2020.03.19-23.05.39:996][929]LogAudio: Display: Using built-in audio occlusion.
[2020.03.19-23.05.39:996][929]LogAudioMixer: Display: Initializing audio mixer.
[2020.03.19-23.05.40:058][929]LogAudioMixer: Display: Audio Device Output Speaker Info:
[2020.03.19-23.05.40:058][929]LogAudioMixer: Display: Name: Headphones (Realtek USB Audio)
[2020.03.19-23.05.40:058][929]LogAudioMixer: Display: Is Default: Yes
[2020.03.19-23.05.40:058][929]LogAudioMixer: Display: Sample Rate: 48000
[2020.03.19-23.05.40:058][929]LogAudioMixer: Display: Channel Count Used: 2
[2020.03.19-23.05.40:058][929]LogAudioMixer: Display: Device Channel Count: 2
[2020.03.19-23.05.40:058][929]LogAudioMixer: Display: Channel Order:
[2020.03.19-23.05.40:058][929]LogAudioMixer: Display: 0: FrontLeft
[2020.03.19-23.05.40:058][929]LogAudioMixer: Display: 1: FrontRight
[2020.03.19-23.05.40:085][929]LogAudioMixer: Display: Using Audio Device Headphones (Realtek USB Audio)
[2020.03.19-23.05.40:087][929]LogInit: FAudioDevice initialized.
[2020.03.19-23.05.40:097][929]LogLoad: Game class is 'GameModeBase'
[2020.03.19-23.05.40:100][929]LogWorld: Bringing World /Game/UEDPIE_0_BuildingEscape.BuildingEscape up for play (max tick rate 60) at 2020.03.19-19.05.40
[2020.03.19-23.05.40:100][929]LogWorld: Bringing up level for play took: 0.002002
[2020.03.19-23.05.40:100][929]LogOnline: OSS: Creating online subsystem instance for: :Context_5
[2020.03.19-23.05.40:104][929]LogTemp: Warning: Cube_2 position in world is: X=40.000 Y=-430.000 Z=110.000
[2020.03.19-23.05.40:105][929]PIE: Play in editor start time for /Game/UEDPIE_0_BuildingEscape -0.025
[2020.03.19-23.05.43:913][134]LogEditorViewport: Clicking on Actor (LMB): StaticMeshActor (2x1_Door_and_Frame_Door)
[2020.03.19-23.06.06:103][359]LogAudioMixer: Display: No commands were queued while flushing the source manager.
[2020.03.19-23.06.06:110][359]LogAudioMixer: Display: Flush succeeded in the source manager command queue (1).
[2020.03.19-23.06.06:130][359]LogAudioMixer: Display: Flush succeeded the source manager command queue (2).
[2020.03.19-23.06.06:130][359]LogSlate: Updating window title bar state: overlay mode, drag disabled, window buttons hidden, title bar hidden
[2020.03.19-23.06.06:130][359]LogWorld: BeginTearingDown for /Game/UEDPIE_0_BuildingEscape
[2020.03.19-23.06.06:130][359]LogAudioMixer: Display: No commands were queued while flushing the source manager.
[2020.03.19-23.06.06:130][359]LogWorld: UWorld::CleanupWorld for BuildingEscape, bSessionEnded=true, bCleanupResources=true
[2020.03.19-23.06.06:131][359]LogSlate: InvalidateAllWidgets triggered.  All widgets were invalidated
[2020.03.19-23.06.06:143][359]LogPlayLevel: Display: Shutting down PIE online subsystems
[2020.03.19-23.06.06:146][359]LogSlate: InvalidateAllWidgets triggered.  All widgets were invalidated
[2020.03.19-23.06.06:173][359]LogAudioMixer: Display: No commands were queued while flushing the source manager.
[2020.03.19-23.06.06:180][359]LogSlate: Updating window title bar state: overlay mode, drag disabled, window buttons hidden, title bar hidden
[2020.03.19-23.06.06:183][359]LogUObjectHash: Compacting FUObjectHashTables data took   1.44ms
[2020.03.19-23.06.06:211][360]LogPlayLevel: Display: Destroying online subsystem :Context_5
[2020.03.19-23.06.08:125][466]Cmd: OBJ SAVEPACKAGE PACKAGE="/Game/BuildingEscape" FILE="../../../../GitHub/Building-Escape/BuildingEscape/Content/BuildingEscape.umap" SILENT=true AUTOSAVING=false KEEPDIRTY=false
[2020.03.19-23.06.08:162][466]LogUObjectHash: Compacting FUObjectHashTables data took   0.80ms
[2020.03.19-23.06.08:218][466]LogSavePackage: Moving '../../../../GitHub/Building-Escape/BuildingEscape/Saved/BuildingEscape6459AD4A40AE0C779BEF01BE8A97CAB4.tmp' to '../../../../GitHub/Building-Escape/BuildingEscape/Content/BuildingEscape.umap'
[2020.03.19-23.06.08:280][466]Cmd: OBJ SAVEPACKAGE PACKAGE="/Game/BuildingEscape_BuiltData" FILE="../../../../GitHub/Building-Escape/BuildingEscape/Content/BuildingEscape_BuiltData.uasset" SILENT=true
[2020.03.19-23.06.08:346][466]LogSavePackage: Moving '../../../../GitHub/Building-Escape/BuildingEscape/Saved/BuildingEscape_BuiltData6A1DCA024F7B76194AA099A05ADCDD6F.tmp' to '../../../../GitHub/Building-Escape/BuildingEscape/Content/BuildingEscape_BuiltData.uasset'
[2020.03.19-23.06.08:398][466]AssetCheck: New page: Asset Save: multiple assets
[2020.03.19-23.06.08:398][466]LogContentValidation: Display: Validating World /Game/BuildingEscape.BuildingEscape
[2020.03.19-23.06.08:398][466]LogContentValidation: Display: Validating MapBuildDataRegistry /Game/BuildingEscape_BuiltData.BuildingEscape_BuiltData
[2020.03.19-23.06.10:644][593]LogTemp: Repeating last play command: Selected Viewport
[2020.03.19-23.06.10:664][593]LogPlayLevel: PlayLevel: No blueprints needed recompiling
[2020.03.19-23.06.10:664][593]PIE: New page: PIE session: BuildingEscape (Mar 19, 2020, 3:06:10 PM)
[2020.03.19-23.06.10:664][593]LogPlayLevel: Creating play world package: /Game/UEDPIE_0_BuildingEscape
[2020.03.19-23.06.10:673][593]LogPlayLevel: PIE: StaticDuplicateObject took: (0.008812s)
[2020.03.19-23.06.10:674][593]LogAIModule: Creating AISystem for world BuildingEscape
[2020.03.19-23.06.10:674][593]LogPlayLevel: PIE: World Init took: (0.001188s)
[2020.03.19-23.06.10:674][593]LogPlayLevel: PIE: Created PIE world by copying editor world from /Game/BuildingEscape.BuildingEscape to /Game/UEDPIE_0_BuildingEscape.BuildingEscape (0.010165s)
[2020.03.19-23.06.10:701][593]LogUObjectHash: Compacting FUObjectHashTables data took   2.01ms
[2020.03.19-23.06.10:703][593]LogAudioMixer: Display: Audio Mixer Platform Settings:
[2020.03.19-23.06.10:703][593]LogAudioMixer: Display: 	Sample Rate:						  48000
[2020.03.19-23.06.10:703][593]LogAudioMixer: Display: 	Callback Buffer Frame Size Requested: 1024
[2020.03.19-23.06.10:703][593]LogAudioMixer: Display: 	Callback Buffer Frame Size To Use:	  1024
[2020.03.19-23.06.10:703][593]LogAudioMixer: Display: 	Number of buffers to queue:			  2
[2020.03.19-23.06.10:703][593]LogAudioMixer: Display: 	Max Channels (voices):				  32
[2020.03.19-23.06.10:703][593]LogAudioMixer: Display: 	Number of Async Source Workers:		  0
[2020.03.19-23.06.10:703][593]LogAudio: Display: AudioDevice MaxSources: 32
[2020.03.19-23.06.10:704][593]LogAudio: Display: Using built-in audio occlusion.
[2020.03.19-23.06.10:704][593]LogAudioMixer: Display: Initializing audio mixer.
[2020.03.19-23.06.10:756][593]LogAudioMixer: Display: Audio Device Output Speaker Info:
[2020.03.19-23.06.10:756][593]LogAudioMixer: Display: Name: Headphones (Realtek USB Audio)
[2020.03.19-23.06.10:756][593]LogAudioMixer: Display: Is Default: Yes
[2020.03.19-23.06.10:756][593]LogAudioMixer: Display: Sample Rate: 48000
[2020.03.19-23.06.10:756][593]LogAudioMixer: Display: Channel Count Used: 2
[2020.03.19-23.06.10:756][593]LogAudioMixer: Display: Device Channel Count: 2
[2020.03.19-23.06.10:756][593]LogAudioMixer: Display: Channel Order:
[2020.03.19-23.06.10:756][593]LogAudioMixer: Display: 0: FrontLeft
[2020.03.19-23.06.10:756][593]LogAudioMixer: Display: 1: FrontRight
[2020.03.19-23.06.10:784][593]LogAudioMixer: Display: Using Audio Device Headphones (Realtek USB Audio)
[2020.03.19-23.06.10:786][593]LogInit: FAudioDevice initialized.
[2020.03.19-23.06.10:798][593]LogLoad: Game class is 'GameModeBase'
[2020.03.19-23.06.10:800][593]LogWorld: Bringing World /Game/UEDPIE_0_BuildingEscape.BuildingEscape up for play (max tick rate 60) at 2020.03.19-19.06.10
[2020.03.19-23.06.10:801][593]LogWorld: Bringing up level for play took: 0.001684
[2020.03.19-23.06.10:801][593]LogOnline: OSS: Creating online subsystem instance for: :Context_6
[2020.03.19-23.06.10:803][593]LogTemp: Warning: Cube_2 position in world is: X=40.000 Y=-430.000 Z=110.000
[2020.03.19-23.06.10:804][593]PIE: Play in editor start time for /Game/UEDPIE_0_BuildingEscape 0.674
[2020.03.19-23.06.26:054][496]LogAudioMixer: Display: No commands were queued while flushing the source manager.
[2020.03.19-23.06.26:060][496]LogAudioMixer: Display: Flush succeeded in the source manager command queue (1).
[2020.03.19-23.06.26:079][496]LogAudioMixer: Display: Flush succeeded the source manager command queue (2).
[2020.03.19-23.06.26:080][496]LogSlate: Updating window title bar state: overlay mode, drag disabled, window buttons hidden, title bar hidden
[2020.03.19-23.06.26:080][496]LogWorld: BeginTearingDown for /Game/UEDPIE_0_BuildingEscape
[2020.03.19-23.06.26:080][496]LogAudioMixer: Display: No commands were queued while flushing the source manager.
[2020.03.19-23.06.26:080][496]LogWorld: UWorld::CleanupWorld for BuildingEscape, bSessionEnded=true, bCleanupResources=true
[2020.03.19-23.06.26:080][496]LogSlate: InvalidateAllWidgets triggered.  All widgets were invalidated
[2020.03.19-23.06.26:088][496]LogPlayLevel: Display: Shutting down PIE online subsystems
[2020.03.19-23.06.26:092][496]LogSlate: InvalidateAllWidgets triggered.  All widgets were invalidated
[2020.03.19-23.06.26:121][496]LogAudioMixer: Display: No commands were queued while flushing the source manager.
[2020.03.19-23.06.26:126][496]LogSlate: Updating window title bar state: overlay mode, drag disabled, window buttons hidden, title bar hidden
[2020.03.19-23.06.26:129][496]LogUObjectHash: Compacting FUObjectHashTables data took   1.49ms
[2020.03.19-23.06.26:188][498]LogPlayLevel: Display: Destroying online subsystem :Context_6
[2020.03.19-23.08.53:758][ 51]Candidate modules for hot reload:
[2020.03.19-23.08.53:758][ 51]  BuildingEscape
[2020.03.19-23.08.53:758][ 51]Launching UnrealBuildTool... [D:/UE_4.24/Engine/Binaries/DotNET/UnrealBuildTool.exe  -ModuleWithSuffix=BuildingEscape,6275 Win64 Development -TargetType=Editor -Project="D:/GitHub/Building-Escape/BuildingEscape/BuildingEscape.uproject" "D:/GitHub/Building-Escape/BuildingEscape/BuildingEscape.uproject"  -IgnoreJunk]
[2020.03.19-23.08.53:762][ 51]Warning: Starting HotReload took  0.0s.
[2020.03.19-23.08.58:781][325]CompilerResultsLog: New page: Compilation - Mar 19, 2020, 3:08:58 PM
[2020.03.19-23.08.58:781][325]CompilerResultsLog: Using 'git status' to determine working set for adaptive non-unity build (D:\GitHub\Building-Escape).
[2020.03.19-23.08.58:781][325]CompilerResultsLog: Building BuildingEscapeEditor...
[2020.03.19-23.08.58:781][325]CompilerResultsLog: Using Visual Studio 2019 14.24.28315 toolchain (C:\Program Files (x86)\Microsoft Visual Studio\2019\Community\VC\Tools\MSVC\14.24.28314) and Windows 10.0.18362.0 SDK (C:\Program Files (x86)\Windows Kits\10).
[2020.03.19-23.08.58:782][325]CompilerResultsLog: Building 4 actions with 8 processes...
[2020.03.19-23.08.58:782][325]CompilerResultsLog:   [1/4] OpenDoor.cpp
[2020.03.19-23.08.58:782][325]CompilerResultsLog:   [2/4] UE4Editor-BuildingEscape-6275.lib
[2020.03.19-23.08.58:782][325]CompilerResultsLog:      Creating library D:\GitHub\Building-Escape\BuildingEscape\Intermediate\Build\Win64\UE4Editor\Development\BuildingEscape\UE4Editor-BuildingEscape-6275.lib and object D:\GitHub\Building-Escape\BuildingEscape\Intermediate\Build\Win64\UE4Editor\Development\BuildingEscape\UE4Editor-BuildingEscape-6275.exp
[2020.03.19-23.08.58:782][325]CompilerResultsLog:   [3/4] UE4Editor-BuildingEscape-6275.dll
[2020.03.19-23.08.58:782][325]CompilerResultsLog:      Creating library D:\GitHub\Building-Escape\BuildingEscape\Intermediate\Build\Win64\UE4Editor\Development\BuildingEscape\UE4Editor-BuildingEscape-6275.suppressed.lib and object D:\GitHub\Building-Escape\BuildingEscape\Intermediate\Build\Win64\UE4Editor\Development\BuildingEscape\UE4Editor-BuildingEscape-6275.suppressed.exp
[2020.03.19-23.08.58:782][325]CompilerResultsLog:   [4/4] BuildingEscapeEditor.target
[2020.03.19-23.08.58:782][325]CompilerResultsLog: Total time in Parallel executor: 2.71 seconds
[2020.03.19-23.08.58:782][325]CompilerResultsLog: Total execution time: 4.79 seconds
[2020.03.19-23.08.58:782][325]LogMainFrame: MainFrame: Module compiling took 5.040 seconds
[2020.03.19-23.08.58:809][325]LogUObjectHash: Compacting FUObjectHashTables data took   0.79ms
[2020.03.19-23.08.58:845][325]LogContentBrowser: Native class hierarchy updated for 'BuildingEscape' in 0.0004 seconds. Added 3 classes and 2 folders.
[2020.03.19-23.08.58:848][325]Display: HotReload successful (0 functions remapped  0 scriptstructs remapped)
[2020.03.19-23.08.58:914][325]LogUObjectHash: Compacting FUObjectHashTables data took   1.70ms
[2020.03.19-23.08.58:928][325]LogContentBrowser: Native class hierarchy populated in 0.0129 seconds. Added 3020 classes and 722 folders.
[2020.03.19-23.08.58:935][325]Display: HotReload took  5.2s.
[2020.03.19-23.09.02:590][536]LogTemp: Repeating last play command: Selected Viewport
[2020.03.19-23.09.02:616][536]LogPlayLevel: PlayLevel: No blueprints needed recompiling
[2020.03.19-23.09.02:616][536]PIE: New page: PIE session: BuildingEscape (Mar 19, 2020, 3:09:02 PM)
[2020.03.19-23.09.02:616][536]LogPlayLevel: Creating play world package: /Game/UEDPIE_0_BuildingEscape
[2020.03.19-23.09.02:626][536]LogPlayLevel: PIE: StaticDuplicateObject took: (0.009540s)
[2020.03.19-23.09.02:627][536]LogAIModule: Creating AISystem for world BuildingEscape
[2020.03.19-23.09.02:627][536]LogPlayLevel: PIE: World Init took: (0.001247s)
[2020.03.19-23.09.02:627][536]LogPlayLevel: PIE: Created PIE world by copying editor world from /Game/BuildingEscape.BuildingEscape to /Game/UEDPIE_0_BuildingEscape.BuildingEscape (0.010956s)
[2020.03.19-23.09.02:653][536]LogUObjectHash: Compacting FUObjectHashTables data took   1.47ms
[2020.03.19-23.09.02:653][536]LogAudioMixer: Display: Audio Mixer Platform Settings:
[2020.03.19-23.09.02:653][536]LogAudioMixer: Display: 	Sample Rate:						  48000
[2020.03.19-23.09.02:653][536]LogAudioMixer: Display: 	Callback Buffer Frame Size Requested: 1024
[2020.03.19-23.09.02:653][536]LogAudioMixer: Display: 	Callback Buffer Frame Size To Use:	  1024
[2020.03.19-23.09.02:653][536]LogAudioMixer: Display: 	Number of buffers to queue:			  2
[2020.03.19-23.09.02:653][536]LogAudioMixer: Display: 	Max Channels (voices):				  32
[2020.03.19-23.09.02:653][536]LogAudioMixer: Display: 	Number of Async Source Workers:		  0
[2020.03.19-23.09.02:653][536]LogAudio: Display: AudioDevice MaxSources: 32
[2020.03.19-23.09.02:654][536]LogAudio: Display: Using built-in audio occlusion.
[2020.03.19-23.09.02:654][536]LogAudioMixer: Display: Initializing audio mixer.
[2020.03.19-23.09.02:717][536]LogAudioMixer: Display: Audio Device Output Speaker Info:
[2020.03.19-23.09.02:717][536]LogAudioMixer: Display: Name: Headphones (Realtek USB Audio)
[2020.03.19-23.09.02:717][536]LogAudioMixer: Display: Is Default: Yes
[2020.03.19-23.09.02:717][536]LogAudioMixer: Display: Sample Rate: 48000
[2020.03.19-23.09.02:717][536]LogAudioMixer: Display: Channel Count Used: 2
[2020.03.19-23.09.02:717][536]LogAudioMixer: Display: Device Channel Count: 2
[2020.03.19-23.09.02:717][536]LogAudioMixer: Display: Channel Order:
[2020.03.19-23.09.02:717][536]LogAudioMixer: Display: 0: FrontLeft
[2020.03.19-23.09.02:717][536]LogAudioMixer: Display: 1: FrontRight
[2020.03.19-23.09.02:746][536]LogAudioMixer: Display: Using Audio Device Headphones (Realtek USB Audio)
[2020.03.19-23.09.02:748][536]LogInit: FAudioDevice initialized.
[2020.03.19-23.09.02:757][536]LogLoad: Game class is 'GameModeBase'
[2020.03.19-23.09.02:760][536]LogWorld: Bringing World /Game/UEDPIE_0_BuildingEscape.BuildingEscape up for play (max tick rate 60) at 2020.03.19-19.09.02
[2020.03.19-23.09.02:761][536]LogWorld: Bringing up level for play took: 0.001893
[2020.03.19-23.09.02:761][536]LogOnline: OSS: Creating online subsystem instance for: :Context_7
[2020.03.19-23.09.02:764][536]LogTemp: Warning: Cube_2 position in world is: X=40.000 Y=-430.000 Z=110.000
[2020.03.19-23.09.02:764][536]PIE: Play in editor start time for /Game/UEDPIE_0_BuildingEscape 0.634
[2020.03.19-23.09.04:161][606]LogSlate: Took 0.016885 seconds to synchronously load lazily loaded font '../../../Engine/Content/Slate/Fonts/DroidSansMono.ttf' (77K)
[2020.03.19-23.09.22:616][704]LogAudioMixer: Display: No commands were queued while flushing the source manager.
[2020.03.19-23.09.22:632][704]LogAudioMixer: Display: Flush succeeded in the source manager command queue (1).
[2020.03.19-23.09.22:652][704]LogAudioMixer: Display: Flush succeeded the source manager command queue (2).
[2020.03.19-23.09.22:656][704]LogSlate: Updating window title bar state: overlay mode, drag disabled, window buttons hidden, title bar hidden
[2020.03.19-23.09.22:656][704]LogWorld: BeginTearingDown for /Game/UEDPIE_0_BuildingEscape
[2020.03.19-23.09.22:656][704]LogAudioMixer: Display: No commands were queued while flushing the source manager.
[2020.03.19-23.09.22:656][704]LogWorld: UWorld::CleanupWorld for BuildingEscape, bSessionEnded=true, bCleanupResources=true
[2020.03.19-23.09.22:656][704]LogSlate: InvalidateAllWidgets triggered.  All widgets were invalidated
[2020.03.19-23.09.22:666][704]LogPlayLevel: Display: Shutting down PIE online subsystems
[2020.03.19-23.09.22:669][704]LogSlate: InvalidateAllWidgets triggered.  All widgets were invalidated
[2020.03.19-23.09.22:696][704]LogAudioMixer: Display: No commands were queued while flushing the source manager.
[2020.03.19-23.09.22:700][704]LogSlate: Updating window title bar state: overlay mode, drag disabled, window buttons hidden, title bar hidden
[2020.03.19-23.09.22:704][704]LogUObjectHash: Compacting FUObjectHashTables data took   2.56ms
[2020.03.19-23.09.22:736][705]LogPlayLevel: Display: Destroying online subsystem :Context_7
[2020.03.19-23.09.44:631][218]Candidate modules for hot reload:
[2020.03.19-23.09.44:631][218]  BuildingEscape
[2020.03.19-23.09.44:632][218]Launching UnrealBuildTool... [D:/UE_4.24/Engine/Binaries/DotNET/UnrealBuildTool.exe  -ModuleWithSuffix=BuildingEscape,688 Win64 Development -TargetType=Editor -Project="D:/GitHub/Building-Escape/BuildingEscape/BuildingEscape.uproject" "D:/GitHub/Building-Escape/BuildingEscape/BuildingEscape.uproject"  -IgnoreJunk]
[2020.03.19-23.09.44:634][218]Warning: Starting HotReload took  0.0s.
[2020.03.19-23.09.48:960][457]CompilerResultsLog: New page: Compilation - Mar 19, 2020, 3:09:48 PM
[2020.03.19-23.09.48:960][457]CompilerResultsLog: Using 'git status' to determine working set for adaptive non-unity build (D:\GitHub\Building-Escape).
[2020.03.19-23.09.48:960][457]CompilerResultsLog: Building BuildingEscapeEditor...
[2020.03.19-23.09.48:960][457]CompilerResultsLog: Using Visual Studio 2019 14.24.28315 toolchain (C:\Program Files (x86)\Microsoft Visual Studio\2019\Community\VC\Tools\MSVC\14.24.28314) and Windows 10.0.18362.0 SDK (C:\Program Files (x86)\Windows Kits\10).
[2020.03.19-23.09.48:960][457]CompilerResultsLog: Building 4 actions with 8 processes...
[2020.03.19-23.09.48:960][457]CompilerResultsLog:   [1/4] OpenDoor.cpp
[2020.03.19-23.09.48:960][457]CompilerResultsLog:   [2/4] UE4Editor-BuildingEscape-0688.lib
[2020.03.19-23.09.48:960][457]CompilerResultsLog:      Creating library D:\GitHub\Building-Escape\BuildingEscape\Intermediate\Build\Win64\UE4Editor\Development\BuildingEscape\UE4Editor-BuildingEscape-0688.lib and object D:\GitHub\Building-Escape\BuildingEscape\Intermediate\Build\Win64\UE4Editor\Development\BuildingEscape\UE4Editor-BuildingEscape-0688.exp
[2020.03.19-23.09.48:960][457]CompilerResultsLog:   [3/4] UE4Editor-BuildingEscape-0688.dll
[2020.03.19-23.09.48:960][457]CompilerResultsLog:      Creating library D:\GitHub\Building-Escape\BuildingEscape\Intermediate\Build\Win64\UE4Editor\Development\BuildingEscape\UE4Editor-BuildingEscape-0688.suppressed.lib and object D:\GitHub\Building-Escape\BuildingEscape\Intermediate\Build\Win64\UE4Editor\Development\BuildingEscape\UE4Editor-BuildingEscape-0688.suppressed.exp
[2020.03.19-23.09.48:960][457]CompilerResultsLog:   [4/4] BuildingEscapeEditor.target
[2020.03.19-23.09.48:960][457]CompilerResultsLog: Total time in Parallel executor: 2.38 seconds
[2020.03.19-23.09.48:960][457]CompilerResultsLog: Total execution time: 4.11 seconds
[2020.03.19-23.09.48:960][457]LogMainFrame: MainFrame: Module compiling took 4.342 seconds
[2020.03.19-23.09.48:989][457]LogUObjectHash: Compacting FUObjectHashTables data took   0.85ms
[2020.03.19-23.09.49:000][457]LogContentBrowser: Native class hierarchy populated in 0.0101 seconds. Added 3020 classes and 722 folders.
[2020.03.19-23.09.49:006][457]Display: HotReload took  4.4s.
[2020.03.19-23.10.41:419][472]Cmd: OBJ SAVEPACKAGE PACKAGE="/Game/BuildingEscape" FILE="../../../../GitHub/Building-Escape/BuildingEscape/Content/BuildingEscape.umap" SILENT=true AUTOSAVING=false KEEPDIRTY=false
[2020.03.19-23.10.41:456][472]LogUObjectHash: Compacting FUObjectHashTables data took   1.15ms
[2020.03.19-23.10.41:518][472]LogSavePackage: Moving '../../../../GitHub/Building-Escape/BuildingEscape/Saved/BuildingEscapeDB77204146A6591127791BB799093B6C.tmp' to '../../../../GitHub/Building-Escape/BuildingEscape/Content/BuildingEscape.umap'
[2020.03.19-23.10.41:575][472]Cmd: OBJ SAVEPACKAGE PACKAGE="/Game/BuildingEscape_BuiltData" FILE="../../../../GitHub/Building-Escape/BuildingEscape/Content/BuildingEscape_BuiltData.uasset" SILENT=true
[2020.03.19-23.10.41:621][472]LogSavePackage: Moving '../../../../GitHub/Building-Escape/BuildingEscape/Saved/BuildingEscape_BuiltDataABAFCEFF48DCE2DFC04F9CACB407DAD6.tmp' to '../../../../GitHub/Building-Escape/BuildingEscape/Content/BuildingEscape_BuiltData.uasset'
[2020.03.19-23.10.41:660][472]AssetCheck: New page: Asset Save: multiple assets
[2020.03.19-23.10.41:660][472]LogContentValidation: Display: Validating World /Game/BuildingEscape.BuildingEscape
[2020.03.19-23.10.41:660][472]LogContentValidation: Display: Validating MapBuildDataRegistry /Game/BuildingEscape_BuiltData.BuildingEscape_BuiltData
